2023-06-28 12:15:02,903 [INFO] Gpio:273 - dependency for GPIO [RCC]
2023-06-28 12:15:12,779 [INFO] Gpio:273 - dependency for GPIO [RCC]
2023-06-28 12:15:54,120 [INFO] UtilMem:75 - End SaveConfig() Used Memory: 641606856 Bytes (781189120)
2023-06-28 12:15:55,486 [INFO] UtilMem:75 - End SaveConfig() Used Memory: 676667312 Bytes (781189120)
2023-06-28 12:15:55,643 [INFO] BlockDiagram:2759 - set Specific Code input for plugin: NVIC
2023-06-28 12:15:55,643 [INFO] BlockDiagram:2759 - set Specific Code input for plugin: TIM1_8
2023-06-28 12:15:55,643 [INFO] BlockDiagram:2759 - set Specific Code input for plugin: GPIO
2023-06-28 12:15:55,643 [INFO] BlockDiagram:2759 - set Specific Code input for plugin: RCC
2023-06-28 12:15:55,643 [INFO] CodeGenerator:793 - code generatio: config db path: C:\ST\STM32CubeIDE_1.12.1\STM32CubeIDE\plugins\com.st.stm32cube.common.mx_6.8.1.202304191431\\db\
2023-06-28 12:15:55,786 [INFO] CodeEngine:255 - oldGeneratedFile, C:\Users\senin\Desktop\geoscan\stm32cube\test1\MXTmpFiles\license.tmp_save
2023-06-28 12:15:55,847 [INFO] CodeEngine:279 - Generated code: C:\Users\senin\Desktop\geoscan\stm32cube\test1\MXTmpFiles\license.tmp
2023-06-28 12:15:55,886 [INFO] CodeEngine:255 - oldGeneratedFile, C:\Users\senin\Desktop\geoscan\stm32cube\test1\MXTmpFiles\gpio.tmp_save
2023-06-28 12:15:55,956 [INFO] CodeEngine:279 - Generated code: C:\Users\senin\Desktop\geoscan\stm32cube\test1\MXTmpFiles\gpio.tmp
2023-06-28 12:15:56,035 [INFO] CodeEngine:255 - oldGeneratedFile, C:\Users\senin\Desktop\geoscan\stm32cube\test1\Core\Src\stm32f4xx_it.c_save
2023-06-28 12:15:56,176 [INFO] CodeEngine:279 - Generated code: C:\Users\senin\Desktop\geoscan\stm32cube\test1\Core\Src\stm32f4xx_it.c
2023-06-28 12:15:56,192 [INFO] CodeEngine:255 - oldGeneratedFile, C:\Users\senin\Desktop\geoscan\stm32cube\test1\Core\Inc\stm32f4xx_it.h_save
2023-06-28 12:15:56,239 [INFO] CodeEngine:279 - Generated code: C:\Users\senin\Desktop\geoscan\stm32cube\test1\Core\Inc\stm32f4xx_it.h
2023-06-28 12:15:56,270 [INFO] CodeEngine:255 - oldGeneratedFile, C:\Users\senin\Desktop\geoscan\stm32cube\test1\Core\Src\stm32f4xx_hal_msp.c_save
2023-06-28 12:15:56,365 [INFO] CodeEngine:279 - Generated code: C:\Users\senin\Desktop\geoscan\stm32cube\test1\Core\Src\stm32f4xx_hal_msp.c
2023-06-28 12:15:56,365 [INFO] CodeEngine:255 - oldGeneratedFile, C:\Users\senin\Desktop\geoscan\stm32cube\test1\MXTmpFiles\system.tmp_save
2023-06-28 12:15:56,412 [INFO] CodeEngine:279 - Generated code: C:\Users\senin\Desktop\geoscan\stm32cube\test1\MXTmpFiles\system.tmp
2023-06-28 12:15:56,428 [INFO] CodeEngine:311 - oldGeneratedFile, C:\Users\senin\Desktop\geoscan\stm32cube\test1\Core\Inc\stm32f4xx_hal_conf.h_save
2023-06-28 12:15:56,491 [INFO] CodeEngine:335 - Generated code: C:\Users\senin\Desktop\geoscan\stm32cube\test1\Core\Inc\stm32f4xx_hal_conf.h
2023-06-28 12:15:56,522 [WARN] IPConfigManager:3431 - IP not found : TIM
2023-06-28 12:15:56,522 [WARN] CodeGenerator:3754 - IP not found : null
2023-06-28 12:15:56,538 [INFO] CodeEngine:255 - oldGeneratedFile, C:\Users\senin\Desktop\geoscan\stm32cube\test1\Core\Inc\main.h_save
2023-06-28 12:15:56,601 [INFO] CodeEngine:279 - Generated code: C:\Users\senin\Desktop\geoscan\stm32cube\test1\Core\Inc\main.h
2023-06-28 12:15:56,616 [INFO] CodeEngine:255 - oldGeneratedFile, C:\Users\senin\Desktop\geoscan\stm32cube\test1\Core\Src\main.c_save
2023-06-28 12:15:56,710 [INFO] CodeEngine:279 - Generated code: C:\Users\senin\Desktop\geoscan\stm32cube\test1\Core\Src\main.c
2023-06-28 12:15:57,150 [INFO] ProjectBuilder:2996 - Time for Copy HAL[1] : 94mS.
2023-06-28 12:15:57,150 [INFO] ProjectBuilder:4304 - Project Generator version: 3.19.2
2023-06-28 12:15:57,292 [INFO] ConfigFileManager:1483 - The Die is : DIE431
2023-06-28 12:15:58,579 [INFO] ProjectBuilder:4505 - Time for Generating toolchain IDE Files: 1429mS.
2023-06-28 12:15:58,579 [INFO] ProjectBuilder:2867 - Time for Copy CMSIS : 0mS.
2023-06-28 12:15:58,579 [INFO] ProjectBuilder:2867 - Time for Copy CMSIS : 0mS.
2023-06-28 12:37:33,020 [INFO] UtilMem:75 - End SaveConfig() Used Memory: 389889016 Bytes (822083584)
2023-06-28 12:37:33,868 [INFO] UtilMem:75 - End SaveConfig() Used Memory: 422921208 Bytes (822083584)
2023-06-28 12:37:35,188 [INFO] UtilMem:75 - End SaveConfig() Used Memory: 453852152 Bytes (822083584)
2023-06-28 12:37:35,345 [INFO] BlockDiagram:2759 - set Specific Code input for plugin: NVIC
2023-06-28 12:37:35,376 [INFO] BlockDiagram:2759 - set Specific Code input for plugin: TIM1_8
2023-06-28 12:37:35,376 [INFO] BlockDiagram:2759 - set Specific Code input for plugin: GPIO
2023-06-28 12:37:35,376 [INFO] BlockDiagram:2759 - set Specific Code input for plugin: RCC
2023-06-28 12:37:35,376 [INFO] CodeGenerator:793 - code generatio: config db path: C:\ST\STM32CubeIDE_1.12.1\STM32CubeIDE\plugins\com.st.stm32cube.common.mx_6.8.1.202304191431\\db\
2023-06-28 12:37:35,470 [INFO] CodeEngine:255 - oldGeneratedFile, C:\Users\senin\Desktop\geoscan\stm32cube\test1\MXTmpFiles\license.tmp_save
2023-06-28 12:37:35,533 [INFO] CodeEngine:279 - Generated code: C:\Users\senin\Desktop\geoscan\stm32cube\test1\MXTmpFiles\license.tmp
2023-06-28 12:37:35,533 [INFO] CodeEngine:255 - oldGeneratedFile, C:\Users\senin\Desktop\geoscan\stm32cube\test1\MXTmpFiles\gpio.tmp_save
2023-06-28 12:37:35,604 [INFO] CodeEngine:279 - Generated code: C:\Users\senin\Desktop\geoscan\stm32cube\test1\MXTmpFiles\gpio.tmp
2023-06-28 12:37:35,627 [INFO] CodeEngine:255 - oldGeneratedFile, C:\Users\senin\Desktop\geoscan\stm32cube\test1\Core\Src\stm32f4xx_it.c_save
2023-06-28 12:37:35,725 [INFO] CodeEngine:279 - Generated code: C:\Users\senin\Desktop\geoscan\stm32cube\test1\Core\Src\stm32f4xx_it.c
2023-06-28 12:37:35,737 [INFO] CodeEngine:255 - oldGeneratedFile, C:\Users\senin\Desktop\geoscan\stm32cube\test1\Core\Inc\stm32f4xx_it.h_save
2023-06-28 12:37:35,768 [INFO] CodeEngine:279 - Generated code: C:\Users\senin\Desktop\geoscan\stm32cube\test1\Core\Inc\stm32f4xx_it.h
2023-06-28 12:37:35,784 [INFO] CodeEngine:255 - oldGeneratedFile, C:\Users\senin\Desktop\geoscan\stm32cube\test1\Core\Src\stm32f4xx_hal_msp.c_save
2023-06-28 12:37:35,847 [INFO] CodeEngine:279 - Generated code: C:\Users\senin\Desktop\geoscan\stm32cube\test1\Core\Src\stm32f4xx_hal_msp.c
2023-06-28 12:37:35,847 [INFO] CodeEngine:255 - oldGeneratedFile, C:\Users\senin\Desktop\geoscan\stm32cube\test1\MXTmpFiles\system.tmp_save
2023-06-28 12:37:35,894 [INFO] CodeEngine:279 - Generated code: C:\Users\senin\Desktop\geoscan\stm32cube\test1\MXTmpFiles\system.tmp
2023-06-28 12:37:35,918 [INFO] CodeEngine:311 - oldGeneratedFile, C:\Users\senin\Desktop\geoscan\stm32cube\test1\Core\Inc\stm32f4xx_hal_conf.h_save
2023-06-28 12:37:35,972 [INFO] CodeEngine:335 - Generated code: C:\Users\senin\Desktop\geoscan\stm32cube\test1\Core\Inc\stm32f4xx_hal_conf.h
2023-06-28 12:37:35,988 [WARN] IPConfigManager:3431 - IP not found : TIM
2023-06-28 12:37:35,988 [WARN] CodeGenerator:3754 - IP not found : null
2023-06-28 12:37:35,988 [INFO] CodeEngine:255 - oldGeneratedFile, C:\Users\senin\Desktop\geoscan\stm32cube\test1\Core\Inc\main.h_save
2023-06-28 12:37:36,066 [INFO] CodeEngine:279 - Generated code: C:\Users\senin\Desktop\geoscan\stm32cube\test1\Core\Inc\main.h
2023-06-28 12:37:36,066 [INFO] CodeEngine:255 - oldGeneratedFile, C:\Users\senin\Desktop\geoscan\stm32cube\test1\Core\Src\main.c_save
2023-06-28 12:37:36,145 [INFO] CodeEngine:279 - Generated code: C:\Users\senin\Desktop\geoscan\stm32cube\test1\Core\Src\main.c
2023-06-28 12:37:36,583 [INFO] ProjectBuilder:2996 - Time for Copy HAL[1] : 78mS.
2023-06-28 12:37:36,583 [INFO] ProjectBuilder:4304 - Project Generator version: 3.19.2
2023-06-28 12:37:36,724 [INFO] ConfigFileManager:1483 - The Die is : DIE431
2023-06-28 12:37:37,529 [INFO] ProjectBuilder:4505 - Time for Generating toolchain IDE Files: 942mS.
2023-06-28 12:37:37,529 [INFO] ProjectBuilder:2867 - Time for Copy CMSIS : 0mS.
2023-06-28 12:37:37,529 [INFO] ProjectBuilder:2867 - Time for Copy CMSIS : 0mS.
2023-06-28 12:40:45,306 [INFO] UtilMem:75 - End SaveConfig() Used Memory: 455535512 Bytes (842006528)
2023-06-28 12:40:45,428 [INFO] BlockDiagram:2759 - set Specific Code input for plugin: NVIC
2023-06-28 12:40:45,428 [INFO] BlockDiagram:2759 - set Specific Code input for plugin: TIM1_8
2023-06-28 12:40:45,428 [INFO] BlockDiagram:2759 - set Specific Code input for plugin: GPIO
2023-06-28 12:40:45,428 [INFO] BlockDiagram:2759 - set Specific Code input for plugin: RCC
2023-06-28 12:40:45,428 [INFO] CodeGenerator:793 - code generatio: config db path: C:\ST\STM32CubeIDE_1.12.1\STM32CubeIDE\plugins\com.st.stm32cube.common.mx_6.8.1.202304191431\\db\
2023-06-28 12:40:45,522 [INFO] CodeEngine:255 - oldGeneratedFile, C:\Users\senin\Desktop\geoscan\stm32cube\test1\MXTmpFiles\license.tmp_save
2023-06-28 12:40:45,569 [INFO] CodeEngine:279 - Generated code: C:\Users\senin\Desktop\geoscan\stm32cube\test1\MXTmpFiles\license.tmp
2023-06-28 12:40:45,569 [INFO] CodeEngine:255 - oldGeneratedFile, C:\Users\senin\Desktop\geoscan\stm32cube\test1\MXTmpFiles\gpio.tmp_save
2023-06-28 12:40:45,632 [INFO] CodeEngine:279 - Generated code: C:\Users\senin\Desktop\geoscan\stm32cube\test1\MXTmpFiles\gpio.tmp
2023-06-28 12:40:45,647 [INFO] CodeEngine:255 - oldGeneratedFile, C:\Users\senin\Desktop\geoscan\stm32cube\test1\Core\Src\stm32f4xx_it.c_save
2023-06-28 12:40:45,710 [INFO] CodeEngine:279 - Generated code: C:\Users\senin\Desktop\geoscan\stm32cube\test1\Core\Src\stm32f4xx_it.c
2023-06-28 12:40:45,710 [INFO] CodeEngine:255 - oldGeneratedFile, C:\Users\senin\Desktop\geoscan\stm32cube\test1\Core\Inc\stm32f4xx_it.h_save
2023-06-28 12:40:45,757 [INFO] CodeEngine:279 - Generated code: C:\Users\senin\Desktop\geoscan\stm32cube\test1\Core\Inc\stm32f4xx_it.h
2023-06-28 12:40:45,773 [INFO] CodeEngine:255 - oldGeneratedFile, C:\Users\senin\Desktop\geoscan\stm32cube\test1\Core\Src\stm32f4xx_hal_msp.c_save
2023-06-28 12:40:45,883 [INFO] CodeEngine:279 - Generated code: C:\Users\senin\Desktop\geoscan\stm32cube\test1\Core\Src\stm32f4xx_hal_msp.c
2023-06-28 12:40:45,883 [INFO] CodeEngine:255 - oldGeneratedFile, C:\Users\senin\Desktop\geoscan\stm32cube\test1\MXTmpFiles\system.tmp_save
2023-06-28 12:40:45,915 [INFO] CodeEngine:279 - Generated code: C:\Users\senin\Desktop\geoscan\stm32cube\test1\MXTmpFiles\system.tmp
2023-06-28 12:40:45,930 [INFO] CodeEngine:311 - oldGeneratedFile, C:\Users\senin\Desktop\geoscan\stm32cube\test1\Core\Inc\stm32f4xx_hal_conf.h_save
2023-06-28 12:40:45,977 [INFO] CodeEngine:335 - Generated code: C:\Users\senin\Desktop\geoscan\stm32cube\test1\Core\Inc\stm32f4xx_hal_conf.h
2023-06-28 12:40:45,993 [WARN] IPConfigManager:3431 - IP not found : TIM
2023-06-28 12:40:45,993 [WARN] CodeGenerator:3754 - IP not found : null
2023-06-28 12:40:46,008 [INFO] CodeEngine:255 - oldGeneratedFile, C:\Users\senin\Desktop\geoscan\stm32cube\test1\Core\Inc\main.h_save
2023-06-28 12:40:46,055 [INFO] CodeEngine:279 - Generated code: C:\Users\senin\Desktop\geoscan\stm32cube\test1\Core\Inc\main.h
2023-06-28 12:40:46,071 [INFO] CodeEngine:255 - oldGeneratedFile, C:\Users\senin\Desktop\geoscan\stm32cube\test1\Core\Src\main.c_save
2023-06-28 12:40:46,118 [INFO] CodeEngine:279 - Generated code: C:\Users\senin\Desktop\geoscan\stm32cube\test1\Core\Src\main.c
2023-06-28 12:40:46,480 [INFO] ProjectBuilder:2996 - Time for Copy HAL[1] : 63mS.
2023-06-28 12:40:46,480 [INFO] ProjectBuilder:4304 - Project Generator version: 3.19.2
2023-06-28 12:40:46,621 [INFO] ConfigFileManager:1483 - The Die is : DIE431
2023-06-28 12:40:47,438 [INFO] ProjectBuilder:4505 - Time for Generating toolchain IDE Files: 958mS.
2023-06-28 12:40:47,438 [INFO] ProjectBuilder:2867 - Time for Copy CMSIS : 0mS.
2023-06-28 12:40:47,438 [INFO] ProjectBuilder:2867 - Time for Copy CMSIS : 0mS.
2023-06-28 12:44:58,441 [INFO] UtilMem:75 - End SaveConfig() Used Memory: 680885888 Bytes (842006528)
2023-06-28 12:45:19,010 [INFO] UtilMem:75 - End SaveConfig() Used Memory: 288667904 Bytes (842006528)
2023-06-28 12:45:19,152 [INFO] BlockDiagram:2759 - set Specific Code input for plugin: NVIC
2023-06-28 12:45:19,152 [INFO] BlockDiagram:2759 - set Specific Code input for plugin: TIM1_8
2023-06-28 12:45:19,152 [INFO] BlockDiagram:2759 - set Specific Code input for plugin: GPIO
2023-06-28 12:45:19,168 [INFO] BlockDiagram:2759 - set Specific Code input for plugin: RCC
2023-06-28 12:45:19,168 [INFO] CodeGenerator:793 - code generatio: config db path: C:\ST\STM32CubeIDE_1.12.1\STM32CubeIDE\plugins\com.st.stm32cube.common.mx_6.8.1.202304191431\\db\
2023-06-28 12:45:19,294 [INFO] CodeEngine:255 - oldGeneratedFile, C:\Users\senin\Desktop\geoscan\stm32cube\test1\MXTmpFiles\license.tmp_save
2023-06-28 12:45:19,341 [INFO] CodeEngine:279 - Generated code: C:\Users\senin\Desktop\geoscan\stm32cube\test1\MXTmpFiles\license.tmp
2023-06-28 12:45:19,341 [INFO] CodeEngine:255 - oldGeneratedFile, C:\Users\senin\Desktop\geoscan\stm32cube\test1\MXTmpFiles\gpio.tmp_save
2023-06-28 12:45:19,403 [INFO] CodeEngine:279 - Generated code: C:\Users\senin\Desktop\geoscan\stm32cube\test1\MXTmpFiles\gpio.tmp
2023-06-28 12:45:19,426 [INFO] CodeEngine:255 - oldGeneratedFile, C:\Users\senin\Desktop\geoscan\stm32cube\test1\Core\Src\stm32f4xx_it.c_save
2023-06-28 12:45:19,482 [INFO] CodeEngine:279 - Generated code: C:\Users\senin\Desktop\geoscan\stm32cube\test1\Core\Src\stm32f4xx_it.c
2023-06-28 12:45:19,482 [INFO] CodeEngine:255 - oldGeneratedFile, C:\Users\senin\Desktop\geoscan\stm32cube\test1\Core\Inc\stm32f4xx_it.h_save
2023-06-28 12:45:19,526 [INFO] CodeEngine:279 - Generated code: C:\Users\senin\Desktop\geoscan\stm32cube\test1\Core\Inc\stm32f4xx_it.h
2023-06-28 12:45:19,529 [INFO] CodeEngine:255 - oldGeneratedFile, C:\Users\senin\Desktop\geoscan\stm32cube\test1\Core\Src\stm32f4xx_hal_msp.c_save
2023-06-28 12:45:19,592 [INFO] CodeEngine:279 - Generated code: C:\Users\senin\Desktop\geoscan\stm32cube\test1\Core\Src\stm32f4xx_hal_msp.c
2023-06-28 12:45:19,592 [INFO] CodeEngine:255 - oldGeneratedFile, C:\Users\senin\Desktop\geoscan\stm32cube\test1\MXTmpFiles\system.tmp_save
2023-06-28 12:45:19,626 [INFO] CodeEngine:279 - Generated code: C:\Users\senin\Desktop\geoscan\stm32cube\test1\MXTmpFiles\system.tmp
2023-06-28 12:45:19,639 [INFO] CodeEngine:311 - oldGeneratedFile, C:\Users\senin\Desktop\geoscan\stm32cube\test1\Core\Inc\stm32f4xx_hal_conf.h_save
2023-06-28 12:45:19,686 [INFO] CodeEngine:335 - Generated code: C:\Users\senin\Desktop\geoscan\stm32cube\test1\Core\Inc\stm32f4xx_hal_conf.h
2023-06-28 12:45:19,701 [WARN] IPConfigManager:3431 - IP not found : TIM
2023-06-28 12:45:19,701 [WARN] CodeGenerator:3754 - IP not found : null
2023-06-28 12:45:19,717 [INFO] CodeEngine:255 - oldGeneratedFile, C:\Users\senin\Desktop\geoscan\stm32cube\test1\Core\Inc\main.h_save
2023-06-28 12:45:19,765 [INFO] CodeEngine:279 - Generated code: C:\Users\senin\Desktop\geoscan\stm32cube\test1\Core\Inc\main.h
2023-06-28 12:45:19,765 [INFO] CodeEngine:255 - oldGeneratedFile, C:\Users\senin\Desktop\geoscan\stm32cube\test1\Core\Src\main.c_save
2023-06-28 12:45:19,828 [INFO] CodeEngine:279 - Generated code: C:\Users\senin\Desktop\geoscan\stm32cube\test1\Core\Src\main.c
2023-06-28 12:45:20,236 [INFO] ProjectBuilder:2996 - Time for Copy HAL[1] : 63mS.
2023-06-28 12:45:20,236 [INFO] ProjectBuilder:4304 - Project Generator version: 3.19.2
2023-06-28 12:45:20,377 [INFO] ConfigFileManager:1483 - The Die is : DIE431
2023-06-28 12:45:21,146 [INFO] ProjectBuilder:4505 - Time for Generating toolchain IDE Files: 910mS.
2023-06-28 12:45:21,146 [INFO] ProjectBuilder:2867 - Time for Copy CMSIS : 0mS.
2023-06-28 12:45:21,146 [INFO] ProjectBuilder:2867 - Time for Copy CMSIS : 0mS.
2023-06-28 13:32:25,515 [INFO] NvicIntPanel:101 - NVIC parent = com.st.microxplorer.plugins.ip.nvic.MultiNvicIntPanel[,0,0,0x0,invalid,layout=javax.swing.BoxLayout,alignmentX=0.0,alignmentY=0.0,border=,flags=9,maximumSize=,minimumSize=,preferredSize=]
2023-06-28 13:32:39,695 [INFO] UtilMem:75 - End SaveConfig() Used Memory: 314780424 Bytes (842006528)
2023-06-28 13:32:41,561 [INFO] UtilMem:75 - End SaveConfig() Used Memory: 347377008 Bytes (842006528)
2023-06-28 13:32:41,702 [INFO] BlockDiagram:2759 - set Specific Code input for plugin: NVIC
2023-06-28 13:32:41,702 [INFO] BlockDiagram:2759 - set Specific Code input for plugin: TIM1_8
2023-06-28 13:32:41,702 [INFO] BlockDiagram:2759 - set Specific Code input for plugin: GPIO
2023-06-28 13:32:41,702 [INFO] BlockDiagram:2759 - set Specific Code input for plugin: RCC
2023-06-28 13:32:41,702 [INFO] CodeGenerator:793 - code generatio: config db path: C:\ST\STM32CubeIDE_1.12.1\STM32CubeIDE\plugins\com.st.stm32cube.common.mx_6.8.1.202304191431\\db\
2023-06-28 13:32:41,782 [INFO] CodeEngine:255 - oldGeneratedFile, C:\Users\senin\Desktop\geoscan\stm32cube\test1\MXTmpFiles\license.tmp_save
2023-06-28 13:32:41,843 [INFO] CodeEngine:279 - Generated code: C:\Users\senin\Desktop\geoscan\stm32cube\test1\MXTmpFiles\license.tmp
2023-06-28 13:32:41,843 [INFO] CodeEngine:255 - oldGeneratedFile, C:\Users\senin\Desktop\geoscan\stm32cube\test1\MXTmpFiles\gpio.tmp_save
2023-06-28 13:32:41,906 [INFO] CodeEngine:279 - Generated code: C:\Users\senin\Desktop\geoscan\stm32cube\test1\MXTmpFiles\gpio.tmp
2023-06-28 13:32:41,922 [INFO] CodeEngine:255 - oldGeneratedFile, C:\Users\senin\Desktop\geoscan\stm32cube\test1\Core\Src\stm32f4xx_it.c_save
2023-06-28 13:32:42,031 [INFO] CodeEngine:279 - Generated code: C:\Users\senin\Desktop\geoscan\stm32cube\test1\Core\Src\stm32f4xx_it.c
2023-06-28 13:32:42,031 [INFO] CodeEngine:255 - oldGeneratedFile, C:\Users\senin\Desktop\geoscan\stm32cube\test1\Core\Inc\stm32f4xx_it.h_save
2023-06-28 13:32:42,063 [INFO] CodeEngine:279 - Generated code: C:\Users\senin\Desktop\geoscan\stm32cube\test1\Core\Inc\stm32f4xx_it.h
2023-06-28 13:32:42,083 [INFO] CodeEngine:255 - oldGeneratedFile, C:\Users\senin\Desktop\geoscan\stm32cube\test1\Core\Src\stm32f4xx_hal_msp.c_save
2023-06-28 13:32:42,141 [INFO] CodeEngine:279 - Generated code: C:\Users\senin\Desktop\geoscan\stm32cube\test1\Core\Src\stm32f4xx_hal_msp.c
2023-06-28 13:32:42,157 [INFO] CodeEngine:255 - oldGeneratedFile, C:\Users\senin\Desktop\geoscan\stm32cube\test1\MXTmpFiles\system.tmp_save
2023-06-28 13:32:42,188 [INFO] CodeEngine:279 - Generated code: C:\Users\senin\Desktop\geoscan\stm32cube\test1\MXTmpFiles\system.tmp
2023-06-28 13:32:42,204 [INFO] CodeEngine:311 - oldGeneratedFile, C:\Users\senin\Desktop\geoscan\stm32cube\test1\Core\Inc\stm32f4xx_hal_conf.h_save
2023-06-28 13:32:42,251 [INFO] CodeEngine:335 - Generated code: C:\Users\senin\Desktop\geoscan\stm32cube\test1\Core\Inc\stm32f4xx_hal_conf.h
2023-06-28 13:32:42,267 [WARN] IPConfigManager:3431 - IP not found : TIM
2023-06-28 13:32:42,267 [WARN] CodeGenerator:3754 - IP not found : null
2023-06-28 13:32:42,286 [INFO] CodeEngine:255 - oldGeneratedFile, C:\Users\senin\Desktop\geoscan\stm32cube\test1\Core\Inc\main.h_save
2023-06-28 13:32:42,329 [INFO] CodeEngine:279 - Generated code: C:\Users\senin\Desktop\geoscan\stm32cube\test1\Core\Inc\main.h
2023-06-28 13:32:42,329 [INFO] CodeEngine:255 - oldGeneratedFile, C:\Users\senin\Desktop\geoscan\stm32cube\test1\Core\Src\main.c_save
2023-06-28 13:32:42,408 [INFO] CodeEngine:279 - Generated code: C:\Users\senin\Desktop\geoscan\stm32cube\test1\Core\Src\main.c
2023-06-28 13:32:42,753 [INFO] ProjectBuilder:2996 - Time for Copy HAL[1] : 69mS.
2023-06-28 13:32:42,753 [INFO] ProjectBuilder:4304 - Project Generator version: 3.19.2
2023-06-28 13:32:42,894 [INFO] ConfigFileManager:1483 - The Die is : DIE431
2023-06-28 13:32:43,726 [INFO] ProjectBuilder:4505 - Time for Generating toolchain IDE Files: 973mS.
2023-06-28 13:32:43,726 [INFO] ProjectBuilder:2867 - Time for Copy CMSIS : 0mS.
2023-06-28 13:32:43,726 [INFO] ProjectBuilder:2867 - Time for Copy CMSIS : 0mS.
2023-06-28 13:33:44,692 [INFO] NvicIntPanel:101 - NVIC parent = com.st.microxplorer.plugins.ip.nvic.MultiNvicIntPanel[,0,0,0x0,invalid,layout=javax.swing.BoxLayout,alignmentX=0.0,alignmentY=0.0,border=,flags=9,maximumSize=,minimumSize=,preferredSize=]
2023-06-28 13:33:51,460 [INFO] UtilMem:75 - End SaveConfig() Used Memory: 562657328 Bytes (978321408)
2023-06-28 13:33:53,469 [INFO] UtilMem:75 - End SaveConfig() Used Memory: 620331056 Bytes (978321408)
2023-06-28 13:33:53,612 [INFO] BlockDiagram:2759 - set Specific Code input for plugin: NVIC
2023-06-28 13:33:53,612 [INFO] BlockDiagram:2759 - set Specific Code input for plugin: TIM1_8
2023-06-28 13:33:53,612 [INFO] BlockDiagram:2759 - set Specific Code input for plugin: GPIO
2023-06-28 13:33:53,612 [INFO] BlockDiagram:2759 - set Specific Code input for plugin: RCC
2023-06-28 13:33:53,612 [INFO] CodeGenerator:793 - code generatio: config db path: C:\ST\STM32CubeIDE_1.12.1\STM32CubeIDE\plugins\com.st.stm32cube.common.mx_6.8.1.202304191431\\db\
2023-06-28 13:33:53,704 [INFO] CodeEngine:255 - oldGeneratedFile, C:\Users\senin\Desktop\geoscan\stm32cube\test1\MXTmpFiles\license.tmp_save
2023-06-28 13:33:53,752 [INFO] CodeEngine:279 - Generated code: C:\Users\senin\Desktop\geoscan\stm32cube\test1\MXTmpFiles\license.tmp
2023-06-28 13:33:53,752 [INFO] CodeEngine:255 - oldGeneratedFile, C:\Users\senin\Desktop\geoscan\stm32cube\test1\MXTmpFiles\gpio.tmp_save
2023-06-28 13:33:53,815 [INFO] CodeEngine:279 - Generated code: C:\Users\senin\Desktop\geoscan\stm32cube\test1\MXTmpFiles\gpio.tmp
2023-06-28 13:33:53,830 [INFO] CodeEngine:255 - oldGeneratedFile, C:\Users\senin\Desktop\geoscan\stm32cube\test1\Core\Src\stm32f4xx_it.c_save
2023-06-28 13:33:53,893 [INFO] CodeEngine:279 - Generated code: C:\Users\senin\Desktop\geoscan\stm32cube\test1\Core\Src\stm32f4xx_it.c
2023-06-28 13:33:53,893 [INFO] CodeEngine:255 - oldGeneratedFile, C:\Users\senin\Desktop\geoscan\stm32cube\test1\Core\Inc\stm32f4xx_it.h_save
2023-06-28 13:33:53,925 [INFO] CodeEngine:279 - Generated code: C:\Users\senin\Desktop\geoscan\stm32cube\test1\Core\Inc\stm32f4xx_it.h
2023-06-28 13:33:53,940 [INFO] CodeEngine:255 - oldGeneratedFile, C:\Users\senin\Desktop\geoscan\stm32cube\test1\Core\Src\stm32f4xx_hal_msp.c_save
2023-06-28 13:33:53,987 [INFO] CodeEngine:279 - Generated code: C:\Users\senin\Desktop\geoscan\stm32cube\test1\Core\Src\stm32f4xx_hal_msp.c
2023-06-28 13:33:53,987 [INFO] CodeEngine:255 - oldGeneratedFile, C:\Users\senin\Desktop\geoscan\stm32cube\test1\MXTmpFiles\system.tmp_save
2023-06-28 13:33:54,034 [INFO] CodeEngine:279 - Generated code: C:\Users\senin\Desktop\geoscan\stm32cube\test1\MXTmpFiles\system.tmp
2023-06-28 13:33:54,034 [INFO] CodeEngine:311 - oldGeneratedFile, C:\Users\senin\Desktop\geoscan\stm32cube\test1\Core\Inc\stm32f4xx_hal_conf.h_save
2023-06-28 13:33:54,097 [INFO] CodeEngine:335 - Generated code: C:\Users\senin\Desktop\geoscan\stm32cube\test1\Core\Inc\stm32f4xx_hal_conf.h
2023-06-28 13:33:54,113 [WARN] IPConfigManager:3431 - IP not found : TIM
2023-06-28 13:33:54,113 [WARN] CodeGenerator:3754 - IP not found : null
2023-06-28 13:33:54,128 [INFO] CodeEngine:255 - oldGeneratedFile, C:\Users\senin\Desktop\geoscan\stm32cube\test1\Core\Inc\main.h_save
2023-06-28 13:33:54,206 [INFO] CodeEngine:279 - Generated code: C:\Users\senin\Desktop\geoscan\stm32cube\test1\Core\Inc\main.h
2023-06-28 13:33:54,213 [INFO] CodeEngine:255 - oldGeneratedFile, C:\Users\senin\Desktop\geoscan\stm32cube\test1\Core\Src\main.c_save
2023-06-28 13:33:54,285 [INFO] CodeEngine:279 - Generated code: C:\Users\senin\Desktop\geoscan\stm32cube\test1\Core\Src\main.c
2023-06-28 13:33:54,583 [INFO] ProjectBuilder:2996 - Time for Copy HAL[1] : 70mS.
2023-06-28 13:33:54,583 [INFO] ProjectBuilder:4304 - Project Generator version: 3.19.2
2023-06-28 13:33:54,725 [INFO] ConfigFileManager:1483 - The Die is : DIE431
2023-06-28 13:33:55,548 [INFO] ProjectBuilder:4505 - Time for Generating toolchain IDE Files: 965mS.
2023-06-28 13:33:55,548 [INFO] ProjectBuilder:2867 - Time for Copy CMSIS : 0mS.
2023-06-28 13:33:55,548 [INFO] ProjectBuilder:2867 - Time for Copy CMSIS : 0mS.
2023-06-28 13:37:15,178 [INFO] UtilMem:75 - End SaveConfig() Used Memory: 285335168 Bytes (1073741824)
2023-06-28 13:37:15,319 [INFO] BlockDiagram:2759 - set Specific Code input for plugin: NVIC
2023-06-28 13:37:15,319 [INFO] BlockDiagram:2759 - set Specific Code input for plugin: TIM1_8
2023-06-28 13:37:15,319 [INFO] BlockDiagram:2759 - set Specific Code input for plugin: GPIO
2023-06-28 13:37:15,319 [INFO] BlockDiagram:2759 - set Specific Code input for plugin: RCC
2023-06-28 13:37:15,335 [INFO] CodeGenerator:793 - code generatio: config db path: C:\ST\STM32CubeIDE_1.12.1\STM32CubeIDE\plugins\com.st.stm32cube.common.mx_6.8.1.202304191431\\db\
2023-06-28 13:37:15,445 [INFO] CodeEngine:255 - oldGeneratedFile, C:\Users\senin\Desktop\geoscan\stm32cube\test1\MXTmpFiles\license.tmp_save
2023-06-28 13:37:15,497 [INFO] CodeEngine:279 - Generated code: C:\Users\senin\Desktop\geoscan\stm32cube\test1\MXTmpFiles\license.tmp
2023-06-28 13:37:15,508 [INFO] CodeEngine:255 - oldGeneratedFile, C:\Users\senin\Desktop\geoscan\stm32cube\test1\MXTmpFiles\gpio.tmp_save
2023-06-28 13:37:15,554 [INFO] CodeEngine:279 - Generated code: C:\Users\senin\Desktop\geoscan\stm32cube\test1\MXTmpFiles\gpio.tmp
2023-06-28 13:37:15,586 [INFO] CodeEngine:255 - oldGeneratedFile, C:\Users\senin\Desktop\geoscan\stm32cube\test1\Core\Src\stm32f4xx_it.c_save
2023-06-28 13:37:15,633 [INFO] CodeEngine:279 - Generated code: C:\Users\senin\Desktop\geoscan\stm32cube\test1\Core\Src\stm32f4xx_it.c
2023-06-28 13:37:15,633 [INFO] CodeEngine:255 - oldGeneratedFile, C:\Users\senin\Desktop\geoscan\stm32cube\test1\Core\Inc\stm32f4xx_it.h_save
2023-06-28 13:37:15,680 [INFO] CodeEngine:279 - Generated code: C:\Users\senin\Desktop\geoscan\stm32cube\test1\Core\Inc\stm32f4xx_it.h
2023-06-28 13:37:15,680 [INFO] CodeEngine:255 - oldGeneratedFile, C:\Users\senin\Desktop\geoscan\stm32cube\test1\Core\Src\stm32f4xx_hal_msp.c_save
2023-06-28 13:37:15,743 [INFO] CodeEngine:279 - Generated code: C:\Users\senin\Desktop\geoscan\stm32cube\test1\Core\Src\stm32f4xx_hal_msp.c
2023-06-28 13:37:15,743 [INFO] CodeEngine:255 - oldGeneratedFile, C:\Users\senin\Desktop\geoscan\stm32cube\test1\MXTmpFiles\system.tmp_save
2023-06-28 13:37:15,774 [INFO] CodeEngine:279 - Generated code: C:\Users\senin\Desktop\geoscan\stm32cube\test1\MXTmpFiles\system.tmp
2023-06-28 13:37:15,790 [INFO] CodeEngine:311 - oldGeneratedFile, C:\Users\senin\Desktop\geoscan\stm32cube\test1\Core\Inc\stm32f4xx_hal_conf.h_save
2023-06-28 13:37:15,837 [INFO] CodeEngine:335 - Generated code: C:\Users\senin\Desktop\geoscan\stm32cube\test1\Core\Inc\stm32f4xx_hal_conf.h
2023-06-28 13:37:15,852 [WARN] IPConfigManager:3431 - IP not found : TIM
2023-06-28 13:37:15,852 [WARN] CodeGenerator:3754 - IP not found : null
2023-06-28 13:37:15,868 [INFO] CodeEngine:255 - oldGeneratedFile, C:\Users\senin\Desktop\geoscan\stm32cube\test1\Core\Inc\main.h_save
2023-06-28 13:37:15,915 [INFO] CodeEngine:279 - Generated code: C:\Users\senin\Desktop\geoscan\stm32cube\test1\Core\Inc\main.h
2023-06-28 13:37:15,915 [INFO] CodeEngine:255 - oldGeneratedFile, C:\Users\senin\Desktop\geoscan\stm32cube\test1\Core\Src\main.c_save
2023-06-28 13:37:15,978 [INFO] CodeEngine:279 - Generated code: C:\Users\senin\Desktop\geoscan\stm32cube\test1\Core\Src\main.c
2023-06-28 13:37:16,276 [INFO] ProjectBuilder:2996 - Time for Copy HAL[1] : 77mS.
2023-06-28 13:37:16,276 [INFO] ProjectBuilder:4304 - Project Generator version: 3.19.2
2023-06-28 13:37:16,527 [INFO] ConfigFileManager:1483 - The Die is : DIE431
2023-06-28 13:37:17,155 [INFO] ProjectBuilder:4505 - Time for Generating toolchain IDE Files: 879mS.
2023-06-28 13:37:17,155 [INFO] ProjectBuilder:2867 - Time for Copy CMSIS : 0mS.
2023-06-28 13:37:17,155 [INFO] ProjectBuilder:2867 - Time for Copy CMSIS : 0mS.
2023-06-28 14:25:52,430 [INFO] NvicIntPanel:101 - NVIC parent = com.st.microxplorer.plugins.ip.nvic.MultiNvicIntPanel[,0,0,0x0,invalid,layout=javax.swing.BoxLayout,alignmentX=0.0,alignmentY=0.0,border=,flags=9,maximumSize=,minimumSize=,preferredSize=]
2023-06-28 14:25:52,478 [INFO] NvicIntPanel:101 - NVIC parent = com.st.microxplorer.plugins.ip.nvic.MultiNvicIntPanel[,0,0,0x0,invalid,layout=javax.swing.BoxLayout,alignmentX=0.0,alignmentY=0.0,border=,flags=9,maximumSize=,minimumSize=,preferredSize=]
2023-06-28 14:25:52,525 [INFO] NvicIntPanel:101 - NVIC parent = com.st.microxplorer.plugins.ip.nvic.MultiNvicIntPanel[,0,0,0x0,invalid,layout=javax.swing.BoxLayout,alignmentX=0.0,alignmentY=0.0,border=,flags=9,maximumSize=,minimumSize=,preferredSize=]
2023-06-28 14:26:00,579 [INFO] ADCParametersView:116 -                Rank 1 : false
2023-06-28 14:26:00,594 [INFO] ADCParametersView:116 -                Rank 1 : false
2023-06-28 14:26:00,594 [INFO] ADCParametersView:116 -                Rank 1 : false
2023-06-28 14:26:00,594 [INFO] ADCParametersView:116 -                Rank 1 : false
2023-06-28 14:26:00,594 [INFO] ADCParametersView:116 -                Rank 1 : false
2023-06-28 14:26:00,594 [INFO] ADCParametersView:116 -                Rank 1 : false
2023-06-28 14:26:00,594 [INFO] ADCParametersView:116 -                Rank 1 : false
2023-06-28 14:26:00,594 [INFO] ADCParametersView:116 -                Rank 1 : false
2023-06-28 14:26:00,594 [INFO] ADCParametersView:116 -                Rank 1 : false
2023-06-28 14:26:00,594 [INFO] ADCParametersView:116 -                Rank 1 : false
2023-06-28 14:26:00,594 [INFO] ADCParametersView:116 -                Rank 1 : false
2023-06-28 14:26:00,594 [INFO] ADCParametersView:116 -                Rank 1 : false
2023-06-28 14:26:00,594 [INFO] ADCParametersView:116 -                Rank 1 : false
2023-06-28 14:26:00,594 [INFO] ADCParametersView:116 -                Rank 1 : false
2023-06-28 14:26:00,594 [INFO] ADCParametersView:116 -                Rank 1 : false
2023-06-28 14:26:00,609 [INFO] ADCParametersView:116 -                Rank 1 : false
2023-06-28 14:29:36,940 [INFO] UtilMem:75 - End SaveConfig() Used Memory: 585458184 Bytes (1073741824)
2023-06-28 14:29:43,096 [INFO] UtilMem:75 - End SaveConfig() Used Memory: 691302544 Bytes (1073741824)
2023-06-28 14:29:43,254 [INFO] BlockDiagram:2759 - set Specific Code input for plugin: NVIC
2023-06-28 14:29:43,254 [INFO] BlockDiagram:2759 - set Specific Code input for plugin: TIM1_8
2023-06-28 14:29:43,254 [INFO] BlockDiagram:2759 - set Specific Code input for plugin: GPIO
2023-06-28 14:29:43,254 [INFO] BlockDiagram:2759 - set Specific Code input for plugin: ADC
2023-06-28 14:29:43,254 [INFO] BlockDiagram:2759 - set Specific Code input for plugin: RCC
2023-06-28 14:29:43,254 [INFO] CodeGenerator:793 - code generatio: config db path: C:\ST\STM32CubeIDE_1.12.1\STM32CubeIDE\plugins\com.st.stm32cube.common.mx_6.8.1.202304191431\\db\
2023-06-28 14:29:43,363 [INFO] CodeEngine:255 - oldGeneratedFile, C:\Users\senin\Desktop\geoscan\stm32cube\test1\MXTmpFiles\license.tmp_save
2023-06-28 14:29:43,410 [INFO] CodeEngine:279 - Generated code: C:\Users\senin\Desktop\geoscan\stm32cube\test1\MXTmpFiles\license.tmp
2023-06-28 14:29:43,426 [INFO] CodeEngine:255 - oldGeneratedFile, C:\Users\senin\Desktop\geoscan\stm32cube\test1\MXTmpFiles\gpio.tmp_save
2023-06-28 14:29:43,489 [INFO] CodeEngine:279 - Generated code: C:\Users\senin\Desktop\geoscan\stm32cube\test1\MXTmpFiles\gpio.tmp
2023-06-28 14:29:43,520 [INFO] CodeEngine:255 - oldGeneratedFile, C:\Users\senin\Desktop\geoscan\stm32cube\test1\Core\Src\stm32f4xx_it.c_save
2023-06-28 14:29:43,614 [INFO] CodeEngine:279 - Generated code: C:\Users\senin\Desktop\geoscan\stm32cube\test1\Core\Src\stm32f4xx_it.c
2023-06-28 14:29:43,630 [INFO] CodeEngine:255 - oldGeneratedFile, C:\Users\senin\Desktop\geoscan\stm32cube\test1\Core\Inc\stm32f4xx_it.h_save
2023-06-28 14:29:43,662 [INFO] CodeEngine:279 - Generated code: C:\Users\senin\Desktop\geoscan\stm32cube\test1\Core\Inc\stm32f4xx_it.h
2023-06-28 14:29:43,677 [INFO] CodeEngine:255 - oldGeneratedFile, C:\Users\senin\Desktop\geoscan\stm32cube\test1\Core\Src\stm32f4xx_hal_msp.c_save
2023-06-28 14:29:43,756 [INFO] CodeEngine:279 - Generated code: C:\Users\senin\Desktop\geoscan\stm32cube\test1\Core\Src\stm32f4xx_hal_msp.c
2023-06-28 14:29:43,756 [INFO] CodeEngine:255 - oldGeneratedFile, C:\Users\senin\Desktop\geoscan\stm32cube\test1\MXTmpFiles\system.tmp_save
2023-06-28 14:29:43,787 [INFO] CodeEngine:279 - Generated code: C:\Users\senin\Desktop\geoscan\stm32cube\test1\MXTmpFiles\system.tmp
2023-06-28 14:29:43,803 [INFO] CodeEngine:311 - oldGeneratedFile, C:\Users\senin\Desktop\geoscan\stm32cube\test1\Core\Inc\stm32f4xx_hal_conf.h_save
2023-06-28 14:29:43,866 [INFO] CodeEngine:335 - Generated code: C:\Users\senin\Desktop\geoscan\stm32cube\test1\Core\Inc\stm32f4xx_hal_conf.h
2023-06-28 14:29:43,889 [WARN] IPConfigManager:3431 - IP not found : TIM
2023-06-28 14:29:43,889 [WARN] CodeGenerator:3754 - IP not found : null
2023-06-28 14:29:43,897 [INFO] CodeEngine:255 - oldGeneratedFile, C:\Users\senin\Desktop\geoscan\stm32cube\test1\Core\Inc\main.h_save
2023-06-28 14:29:43,945 [INFO] CodeEngine:279 - Generated code: C:\Users\senin\Desktop\geoscan\stm32cube\test1\Core\Inc\main.h
2023-06-28 14:29:43,960 [INFO] CodeEngine:255 - oldGeneratedFile, C:\Users\senin\Desktop\geoscan\stm32cube\test1\Core\Src\main.c_save
2023-06-28 14:29:44,023 [INFO] CodeEngine:279 - Generated code: C:\Users\senin\Desktop\geoscan\stm32cube\test1\Core\Src\main.c
2023-06-28 14:29:44,337 [INFO] ProjectBuilder:2996 - Time for Copy HAL[1] : 78mS.
2023-06-28 14:29:44,337 [INFO] ProjectBuilder:4304 - Project Generator version: 3.19.2
2023-06-28 14:29:44,620 [INFO] ConfigFileManager:1483 - The Die is : DIE431
2023-06-28 14:29:45,327 [INFO] ProjectBuilder:4505 - Time for Generating toolchain IDE Files: 990mS.
2023-06-28 14:29:45,327 [INFO] ProjectBuilder:2867 - Time for Copy CMSIS : 0mS.
2023-06-28 14:29:45,327 [INFO] ProjectBuilder:2867 - Time for Copy CMSIS : 0mS.
2023-06-28 16:00:26,794 [INFO] UtilMem:75 - End SaveConfig() Used Memory: 692772864 Bytes (1073741824)
