2023-07-14 14:22:45,304 [INFO] Activator:176 - 


2023-07-14 14:22:45,312 [INFO] Activator:177 - !SESSION log4j initialized
2023-07-14 14:22:51,864 [INFO] LogOutputStream:77 - [STDOUT_REDIRECT] 
2023-07-14 14:23:19,327 [ERROR] LogOutputStream:75 - [STDERR_REDIRECT] SLF4J: Failed to load class "org.slf4j.impl.StaticLoggerBinder".
2023-07-14 14:23:19,328 [ERROR] LogOutputStream:75 - [STDERR_REDIRECT] SLF4J: Defaulting to no-operation (NOP) logger implementation
2023-07-14 14:23:19,329 [ERROR] LogOutputStream:75 - [STDERR_REDIRECT] SLF4J: See http://www.slf4j.org/codes.html#StaticLoggerBinder for further details.
2023-07-14 16:15:06,597 [INFO] Activator:176 - 


2023-07-14 16:15:06,597 [INFO] Activator:177 - !SESSION log4j initialized
2023-07-14 16:15:13,279 [INFO] LogOutputStream:77 - [STDOUT_REDIRECT] 
2023-07-14 16:15:22,972 [INFO] ApplicationProperties:184 - Using Application install path: C:\ST\STM32CubeIDE_1.12.1\STM32CubeIDE\plugins\com.st.stm32cube.common.mx_6.8.1.202304191431
2023-07-14 16:15:22,998 [INFO] DbMcusXml:78 - Set database path to: C:\ST\STM32CubeIDE_1.12.1\STM32CubeIDE\plugins\com.st.stm32cube.common.mx_6.8.1.202304191431\\db\/mcu/
2023-07-14 16:15:22,998 [INFO] ApiDb:274 - Set plugin database path to: C:\ST\STM32CubeIDE_1.12.1\STM32CubeIDE\plugins\com.st.stm32cube.common.mx_6.8.1.202304191431\\db\/plugins/boardmanager/
2023-07-14 16:15:22,998 [WARN] ApiDb:259 - Overriding images path with different value:  => C:\ST\STM32CubeIDE_1.12.1\STM32CubeIDE\plugins\com.st.stm32cube.common.mx_6.8.1.202304191431\\db\/plugins/mcufinder/images/
2023-07-14 16:15:23,004 [INFO] ApiDb:250 - Set database path to: C:\Users\senin\.stmcufinder\plugins\mcufinder//mcu/
2023-07-14 16:15:23,004 [INFO] DbMcusAds:125 - Set database path to: C:\Users\senin\.stmcufinder\plugins\mcufinder//mcu/
2023-07-14 16:15:23,004 [INFO] CrossReferenceDbSqlite:203 - Set database path to: C:\Users\senin\.stmcufinder\plugins\mcufinder//mcu/cs/
2023-07-14 16:15:23,130 [INFO] RulesReader:64 - Compatibility file has been processed (293 Rules)
2023-07-14 16:15:23,240 [INFO] DbMcusXml:78 - Set database path to: C:\ST\STM32CubeIDE_1.12.1\STM32CubeIDE\plugins\com.st.stm32cube.common.mx_6.8.1.202304191431\\db\/mcu/
2023-07-14 16:15:23,240 [INFO] ApiDb:274 - Set plugin database path to: C:\ST\STM32CubeIDE_1.12.1\STM32CubeIDE\plugins\com.st.stm32cube.common.mx_6.8.1.202304191431\\db\/plugins/boardmanager/
2023-07-14 16:15:23,240 [INFO] ApiDb:261 - Set plugin images path to: C:\ST\STM32CubeIDE_1.12.1\STM32CubeIDE\plugins\com.st.stm32cube.common.mx_6.8.1.202304191431\\db\/plugins/mcufinder/images/
2023-07-14 16:15:23,240 [WARN] DbFile:41 - Overriding database path with different value: C:\Users\senin\.stmcufinder\plugins\mcufinder/ => C:\Users\senin\.stmcufinder\plugins\mcufinder
2023-07-14 16:15:23,240 [INFO] ApiDb:250 - Set database path to: C:\Users\senin\.stmcufinder\plugins\mcufinder//mcu/
2023-07-14 16:15:23,240 [WARN] DbFile:41 - Overriding database path with different value: C:\Users\senin\.stmcufinder\plugins\mcufinder/ => C:\Users\senin\.stmcufinder\plugins\mcufinder
2023-07-14 16:15:23,240 [INFO] DbMcusAds:125 - Set database path to: C:\Users\senin\.stmcufinder\plugins\mcufinder//mcu/
2023-07-14 16:15:23,240 [WARN] DbFile:41 - Overriding database path with different value: C:\Users\senin\.stmcufinder\plugins\mcufinder/ => C:\Users\senin\.stmcufinder\plugins\mcufinder
2023-07-14 16:15:23,240 [WARN] DbFile:41 - Overriding database path with different value: C:\Users\senin\.stmcufinder\plugins\mcufinder/ => C:\Users\senin\.stmcufinder\plugins\mcufinder
2023-07-14 16:15:23,240 [INFO] CrossReferenceDbSqlite:203 - Set database path to: C:\Users\senin\.stmcufinder\plugins\mcufinder//mcu/cs/
2023-07-14 16:15:23,382 [INFO] MainPanel:253 - HeapMemory: 268435456
2023-07-14 16:15:23,460 [INFO] DbMcusXml:78 - Set database path to: C:\ST\STM32CubeIDE_1.12.1\STM32CubeIDE\plugins\com.st.stm32cube.common.mx_6.8.1.202304191431\\db\/mcu/
2023-07-14 16:15:23,460 [INFO] ApiDb:274 - Set plugin database path to: C:\ST\STM32CubeIDE_1.12.1\STM32CubeIDE\plugins\com.st.stm32cube.common.mx_6.8.1.202304191431\\db\/plugins/boardmanager/
2023-07-14 16:15:23,460 [INFO] ApiDb:261 - Set plugin images path to: C:\ST\STM32CubeIDE_1.12.1\STM32CubeIDE\plugins\com.st.stm32cube.common.mx_6.8.1.202304191431\\db\/plugins/mcufinder/images/
2023-07-14 16:15:23,460 [WARN] DbFile:41 - Overriding database path with different value: C:\Users\senin\.stmcufinder\plugins\mcufinder/ => C:\Users\senin\.stmcufinder\plugins\mcufinder
2023-07-14 16:15:23,460 [INFO] ApiDb:250 - Set database path to: C:\Users\senin\.stmcufinder\plugins\mcufinder//mcu/
2023-07-14 16:15:23,460 [WARN] DbFile:41 - Overriding database path with different value: C:\Users\senin\.stmcufinder\plugins\mcufinder/ => C:\Users\senin\.stmcufinder\plugins\mcufinder
2023-07-14 16:15:23,460 [INFO] DbMcusAds:125 - Set database path to: C:\Users\senin\.stmcufinder\plugins\mcufinder//mcu/
2023-07-14 16:15:23,460 [WARN] DbFile:41 - Overriding database path with different value: C:\Users\senin\.stmcufinder\plugins\mcufinder/ => C:\Users\senin\.stmcufinder\plugins\mcufinder
2023-07-14 16:15:23,460 [WARN] DbFile:41 - Overriding database path with different value: C:\Users\senin\.stmcufinder\plugins\mcufinder/ => C:\Users\senin\.stmcufinder\plugins\mcufinder
2023-07-14 16:15:23,460 [INFO] CrossReferenceDbSqlite:203 - Set database path to: C:\Users\senin\.stmcufinder\plugins\mcufinder//mcu/cs/
2023-07-14 16:15:23,476 [INFO] ApplicationProperties:184 - Using Application install path: C:\ST\STM32CubeIDE_1.12.1\STM32CubeIDE\plugins\com.st.stm32cube.common.mx_6.8.1.202304191431
2023-07-14 16:15:23,476 [INFO] PluginManage:196 - Search for loadable plugins [exclusion list=, ]
2023-07-14 16:15:23,476 [INFO] PluginManage:310 - Check plugin analytics
2023-07-14 16:15:23,664 [INFO] AnalyticsPlugin:253 - Accepted Software Licenses: 
2023-07-14 16:15:23,664 [INFO] AnalyticsPlugin:255 - Accepted CMSIS Pack Licenses: 
2023-07-14 16:15:23,664 [INFO] AnalyticsPlugin:257 - Accepted Firmware Licenses: FW.F4.1.27.0
2023-07-14 16:15:23,680 [INFO] PluginManage:359 - Loaded plugin analytics (category:tool,tabindex:-1)
2023-07-14 16:15:23,680 [INFO] PluginManage:310 - Check plugin cadmodel
2023-07-14 16:15:23,700 [INFO] CADModel:105 - Init CAD model plugin
2023-07-14 16:15:23,700 [INFO] PluginManage:359 - Loaded plugin cadmodel (category:power,tabindex:5)
2023-07-14 16:15:23,700 [INFO] PluginManage:310 - Check plugin clock
2023-07-14 16:15:23,712 [INFO] PluginManage:359 - Loaded plugin clock (category:base,tabindex:2)
2023-07-14 16:15:23,712 [INFO] PluginManage:310 - Check plugin ddr
2023-07-14 16:15:23,727 [INFO] PluginManage:359 - Loaded plugin ddr (category:tool,tabindex:6)
2023-07-14 16:15:23,727 [INFO] PluginManage:310 - Check plugin filemanager
2023-07-14 16:15:23,837 [INFO] PluginManage:359 - Loaded plugin filemanager (category:base,tabindex:10)
2023-07-14 16:15:23,837 [INFO] PluginManage:310 - Check plugin ipmanager
2023-07-14 16:15:23,837 [INFO] PluginManage:359 - Loaded plugin ipmanager (category:base,tabindex:5)
2023-07-14 16:15:23,837 [INFO] PluginManage:310 - Check plugin lpbam
2023-07-14 16:15:23,869 [INFO] PluginManage:359 - Loaded plugin lpbam (category:base,tabindex:0)
2023-07-14 16:15:23,869 [INFO] PluginManage:310 - Check plugin pinoutandconfiguration
2023-07-14 16:15:23,884 [INFO] PluginManage:359 - Loaded plugin pinoutandconfiguration (category:base,tabindex:1)
2023-07-14 16:15:23,884 [INFO] PluginManage:310 - Check plugin pinoutconfig
2023-07-14 16:15:23,963 [WARN] SupportedApi:132 - Cannot load RTOS API schema: s4s-elt-must-match.1: The content of 'definitions' must match (annotation?, (simpleType | complexType)?, (unique | key | keyref)*)). A problem was found starting at: attribute.
2023-07-14 16:15:24,073 [INFO] PluginManage:359 - Loaded plugin pinoutconfig (category:base,tabindex:0)
2023-07-14 16:15:24,073 [INFO] PluginManage:310 - Check plugin power
2023-07-14 16:15:24,101 [INFO] PluginManage:359 - Loaded plugin power (category:power,tabindex:4)
2023-07-14 16:15:24,101 [INFO] PluginManage:310 - Check plugin projectmanager
2023-07-14 16:15:24,120 [INFO] PluginManage:359 - Loaded plugin projectmanager (category:projectmanager,tabindex:3)
2023-07-14 16:15:24,120 [INFO] PluginManage:310 - Check plugin thirdparty
2023-07-14 16:15:24,387 [INFO] PluginManage:359 - Loaded plugin thirdparty (category:base,tabindex:-1)
2023-07-14 16:15:24,387 [INFO] PluginManage:310 - Check plugin tools
2023-07-14 16:15:24,387 [WARN] IntegrityCheckThread:84 - waiting for thirdparty lock release [integrity check]
2023-07-14 16:15:24,387 [INFO] IntegrityCheckThread:86 - entering critical section [integrity check]
2023-07-14 16:15:24,387 [INFO] ThirdPartyUpdaterWithRetryManager:70 - Updater plugin not ready yet. [1/15]
2023-07-14 16:15:24,403 [INFO] PluginManage:359 - Loaded plugin tools (category:base,tabindex:7)
2023-07-14 16:15:24,403 [INFO] PluginManage:310 - Check plugin tutovideos
2023-07-14 16:15:24,575 [INFO] PluginManage:359 - Loaded plugin tutovideos (category:base,tabindex:-1)
2023-07-14 16:15:24,575 [INFO] PluginManage:310 - Check plugin updater
2023-07-14 16:15:24,591 [INFO] PluginManage:359 - Loaded plugin updater (category:base,tabindex:12)
2023-07-14 16:15:24,591 [INFO] PluginManage:283 - PluginManage : Loaded plugins [15]
2023-07-14 16:15:24,811 [INFO] PinOutPanel:1499 - setPackage(No Configuration,No Configuration)
2023-07-14 16:15:24,874 [INFO] CADModel:165 - CPN selected for project level
2023-07-14 16:15:24,874 [INFO] CADModel:114 - Register for checkConnection events
2023-07-14 16:15:24,906 [INFO] IPUIPlugin:80 - create IPUIPlugin
2023-07-14 16:15:24,906 [INFO] PluginManager:220 - loadIPPluginJar : add adc
2023-07-14 16:15:24,937 [INFO] IPUIPlugin:80 - create IPUIPlugin
2023-07-14 16:15:24,937 [INFO] PluginManager:220 - loadIPPluginJar : add aes
2023-07-14 16:15:24,953 [INFO] IPUIPlugin:80 - create IPUIPlugin
2023-07-14 16:15:24,953 [INFO] PluginManager:220 - loadIPPluginJar : add can
2023-07-14 16:15:24,968 [INFO] IPUIPlugin:80 - create IPUIPlugin
2023-07-14 16:15:24,968 [INFO] PluginManager:220 - loadIPPluginJar : add comp
2023-07-14 16:15:24,984 [INFO] IPUIPlugin:80 - create IPUIPlugin
2023-07-14 16:15:24,984 [INFO] PluginManager:220 - loadIPPluginJar : add cryp
2023-07-14 16:15:25,016 [INFO] IPUIPlugin:80 - create IPUIPlugin
2023-07-14 16:15:25,016 [INFO] PluginManager:220 - loadIPPluginJar : add dfsdm
2023-07-14 16:15:25,016 [INFO] IPUIPlugin:80 - create IPUIPlugin
2023-07-14 16:15:25,016 [INFO] PluginManager:220 - loadIPPluginJar : add dma
2023-07-14 16:15:25,047 [INFO] IPUIPlugin:80 - create IPUIPlugin
2023-07-14 16:15:25,047 [INFO] PluginManager:220 - loadIPPluginJar : add dma3
2023-07-14 16:15:25,047 [INFO] IPUIPlugin:80 - create IPUIPlugin
2023-07-14 16:15:25,047 [INFO] PluginManager:220 - loadIPPluginJar : add fatfs
2023-07-14 16:15:25,078 [INFO] IPUIPlugin:80 - create IPUIPlugin
2023-07-14 16:15:25,078 [INFO] PluginManager:220 - loadIPPluginJar : add fmc
2023-07-14 16:15:25,094 [INFO] IPUIPlugin:80 - create IPUIPlugin
2023-07-14 16:15:25,103 [INFO] PluginManager:220 - loadIPPluginJar : add freertos
2023-07-14 16:15:25,110 [INFO] IPUIPlugin:80 - create IPUIPlugin
2023-07-14 16:15:25,110 [INFO] PluginManager:220 - loadIPPluginJar : add genericplugin
2023-07-14 16:15:25,172 [INFO] IPUIPlugin:80 - create IPUIPlugin
2023-07-14 16:15:25,172 [INFO] PluginManager:220 - loadIPPluginJar : add gfxmmu
2023-07-14 16:15:25,251 [INFO] IPUIPlugin:80 - create IPUIPlugin
2023-07-14 16:15:25,251 [INFO] PluginManager:220 - loadIPPluginJar : add gic
2023-07-14 16:15:25,266 [INFO] IPUIPlugin:80 - create IPUIPlugin
2023-07-14 16:15:25,266 [INFO] PluginManager:220 - loadIPPluginJar : add gpio
2023-07-14 16:15:25,360 [INFO] IPUIPlugin:80 - create IPUIPlugin
2023-07-14 16:15:25,360 [INFO] PluginManager:220 - loadIPPluginJar : add gtzc
2023-07-14 16:15:25,392 [INFO] IPUIPlugin:80 - create IPUIPlugin
2023-07-14 16:15:25,392 [INFO] PluginManager:220 - loadIPPluginJar : add hash
2023-07-14 16:15:25,424 [INFO] IPUIPlugin:80 - create IPUIPlugin
2023-07-14 16:15:25,424 [INFO] PluginManager:220 - loadIPPluginJar : add i2c
2023-07-14 16:15:25,439 [INFO] IPUIPlugin:80 - create IPUIPlugin
2023-07-14 16:15:25,439 [INFO] PluginManager:220 - loadIPPluginJar : add i2s
2023-07-14 16:15:25,470 [INFO] IPUIPlugin:80 - create IPUIPlugin
2023-07-14 16:15:25,470 [INFO] PluginManager:220 - loadIPPluginJar : add i3c
2023-07-14 16:15:25,533 [INFO] IPUIPlugin:80 - create IPUIPlugin
2023-07-14 16:15:25,533 [INFO] PluginManager:220 - loadIPPluginJar : add ipddr
2023-07-14 16:15:25,605 [INFO] IPUIPlugin:80 - create IPUIPlugin
2023-07-14 16:15:25,605 [INFO] PluginManager:220 - loadIPPluginJar : add linkedlist
2023-07-14 16:15:25,628 [INFO] IPUIPlugin:80 - create IPUIPlugin
2023-07-14 16:15:25,628 [INFO] PluginManager:220 - loadIPPluginJar : add lorawan
2023-07-14 16:15:25,643 [INFO] IPUIPlugin:80 - create IPUIPlugin
2023-07-14 16:15:25,643 [INFO] PluginManager:220 - loadIPPluginJar : add ltdc
2023-07-14 16:15:25,659 [INFO] IPUIPlugin:80 - create IPUIPlugin
2023-07-14 16:15:25,659 [INFO] PluginManager:220 - loadIPPluginJar : add mdma
2023-07-14 16:15:25,659 [INFO] IPUIPlugin:80 - create IPUIPlugin
2023-07-14 16:15:25,659 [INFO] PluginManager:220 - loadIPPluginJar : add nvic
2023-07-14 16:15:25,706 [INFO] IPUIPlugin:80 - create IPUIPlugin
2023-07-14 16:15:25,706 [INFO] PluginManager:220 - loadIPPluginJar : add opamp
2023-07-14 16:15:25,738 [INFO] IPUIPlugin:80 - create IPUIPlugin
2023-07-14 16:15:25,738 [INFO] PluginManager:220 - loadIPPluginJar : add openamp
2023-07-14 16:15:25,769 [INFO] IPUIPlugin:80 - create IPUIPlugin
2023-07-14 16:15:25,769 [INFO] PluginManager:220 - loadIPPluginJar : add pdm2pcm
2023-07-14 16:15:25,785 [INFO] IPUIPlugin:80 - create IPUIPlugin
2023-07-14 16:15:25,785 [INFO] PluginManager:220 - loadIPPluginJar : add plateformsettings
2023-07-14 16:15:25,816 [INFO] IPUIPlugin:80 - create IPUIPlugin
2023-07-14 16:15:25,816 [INFO] PluginManager:220 - loadIPPluginJar : add quadspi
2023-07-14 16:15:25,816 [INFO] IPUIPlugin:80 - create IPUIPlugin
2023-07-14 16:15:25,816 [INFO] PluginManager:220 - loadIPPluginJar : add resmgrutility
2023-07-14 16:15:25,863 [INFO] IPUIPlugin:80 - create IPUIPlugin
2023-07-14 16:15:25,863 [INFO] PluginManager:220 - loadIPPluginJar : add sai
2023-07-14 16:15:25,894 [INFO] IPUIPlugin:80 - create IPUIPlugin
2023-07-14 16:15:25,894 [INFO] PluginManager:220 - loadIPPluginJar : add spi
2023-07-14 16:15:25,926 [INFO] IPUIPlugin:80 - create IPUIPlugin
2023-07-14 16:15:25,926 [INFO] PluginManager:220 - loadIPPluginJar : add stm32_wpan
2023-07-14 16:15:25,942 [INFO] IPUIPlugin:80 - create IPUIPlugin
2023-07-14 16:15:25,942 [INFO] PluginManager:220 - loadIPPluginJar : add tim
2023-07-14 16:15:25,989 [INFO] IPUIPlugin:80 - create IPUIPlugin
2023-07-14 16:15:25,989 [INFO] PluginManager:220 - loadIPPluginJar : add touchsensing
2023-07-14 16:15:25,989 [INFO] IPUIPlugin:80 - create IPUIPlugin
2023-07-14 16:15:26,004 [INFO] PluginManager:220 - loadIPPluginJar : add tracer_emb
2023-07-14 16:15:26,005 [INFO] IPUIPlugin:80 - create IPUIPlugin
2023-07-14 16:15:26,005 [INFO] PluginManager:220 - loadIPPluginJar : add ts
2023-07-14 16:15:26,021 [INFO] IPUIPlugin:80 - create IPUIPlugin
2023-07-14 16:15:26,021 [INFO] PluginManager:220 - loadIPPluginJar : add tsc
2023-07-14 16:15:26,036 [INFO] IPUIPlugin:80 - create IPUIPlugin
2023-07-14 16:15:26,036 [INFO] PluginManager:220 - loadIPPluginJar : add ucpd
2023-07-14 16:15:26,067 [INFO] IPUIPlugin:80 - create IPUIPlugin
2023-07-14 16:15:26,067 [INFO] PluginManager:220 - loadIPPluginJar : add usart
2023-07-14 16:15:26,083 [INFO] IPUIPlugin:80 - create IPUIPlugin
2023-07-14 16:15:26,083 [INFO] PluginManager:220 - loadIPPluginJar : add usbx
2023-07-14 16:15:26,210 [INFO] CADModel:165 - CPN selected for project level
2023-07-14 16:15:26,210 [INFO] CADModel:114 - Register for checkConnection events
2023-07-14 16:15:26,210 [FATAL] Updater:308 - Updater called before beeing initialized
2023-07-14 16:15:26,210 [ERROR] CADModel:125 - Updater not yet initialized, retry later 
2023-07-14 16:15:26,352 [INFO] CADModel:165 - CPN selected for project level
2023-07-14 16:15:26,352 [INFO] CADModel:114 - Register for checkConnection events
2023-07-14 16:15:26,352 [FATAL] Updater:308 - Updater called before beeing initialized
2023-07-14 16:15:26,352 [ERROR] CADModel:125 - Updater not yet initialized, retry later 
2023-07-14 16:15:26,352 [FATAL] Updater:308 - Updater called before beeing initialized
2023-07-14 16:15:26,478 [FATAL] Updater:308 - Updater called before beeing initialized
2023-07-14 16:15:26,494 [INFO] DbMcusAds:53 - JSON generation date=Tue Mar 07 11:50:55 MSK 2023 (1678179055335)
2023-07-14 16:15:26,494 [FATAL] Updater:308 - Updater called before beeing initialized
2023-07-14 16:15:26,557 [WARN] DetailPanel:346 - Failed to get advertising image, set to default
2023-07-14 16:15:26,620 [FATAL] Updater:308 - Updater called before beeing initialized
2023-07-14 16:15:26,620 [FATAL] Updater:308 - Updater called before beeing initialized
2023-07-14 16:15:26,620 [FATAL] Updater:308 - Updater called before beeing initialized
2023-07-14 16:15:26,636 [WARN] DetailPanel:346 - Failed to get advertising image, set to default
2023-07-14 16:15:26,636 [FATAL] Updater:308 - Updater called before beeing initialized
2023-07-14 16:15:26,683 [ERROR] Updater:1120 - MainUpdater not yet initialized. External WinMGr cannot be set.
2023-07-14 16:15:26,698 [INFO] Updater:1056 - Updater Version found : 6.8.1
2023-07-14 16:15:26,715 [INFO] ApplicationProperties:184 - Using Application install path: C:\ST\STM32CubeIDE_1.12.1\STM32CubeIDE\plugins\com.st.stm32cube.common.mx_6.8.1.202304191431
2023-07-14 16:15:26,871 [INFO] MainUpdater:2854 - connection check result : 10
2023-07-14 16:15:26,871 [INFO] MainUpdater:283 - Updater Check For Update Now.
2023-07-14 16:15:26,871 [INFO] MicroXplorer:498 - Change Database Version : DB.6.0.81
2023-07-14 16:15:27,080 [INFO] CheckServerUpdateThread:120 - End of CheckServer Thread
2023-07-14 16:15:27,109 [INFO] MainUpdater:2854 - connection check result : 10
2023-07-14 16:15:27,109 [INFO] MainUpdater:2854 - connection check result : 10
2023-07-14 16:15:27,273 [INFO] MicroXplorer:468 - Change Database Path : 
2023-07-14 16:15:27,273 [INFO] MicroXplorer:498 - Change Database Version : DB.6.0.81
2023-07-14 16:15:27,273 [WARN] ThirdParty:871 - waiting for thirdparty lock release [close project]
2023-07-14 16:15:27,581 [WARN] PackLoader:240 - Cannot read IP mode file for STMicroelectronics.X-CUBE-SMBUS.2.1.0
2023-07-14 16:15:27,613 [WARN] PackLoader:240 - Cannot read IP mode file for STMicroelectronics.X-CUBE-AZRTOS-F7.1.1.0
2023-07-14 16:15:27,644 [WARN] PackLoader:240 - Cannot read IP mode file for STMicroelectronics.FP-SNS-MOTENV1.4.3.2
2023-07-14 16:15:27,660 [ERROR] RealEvaluatedCondition:428 - Found unsupported composite condition: CLASS='Data Exchange' GROUP='STM32_MetaDataManager'
2023-07-14 16:15:27,660 [ERROR] RealEvaluatedCondition:428 - Found unsupported composite condition: GROUP='STM32_MetaDataManager' CLASS='Data Exchange'
2023-07-14 16:15:27,660 [WARN] PackLoader:240 - Cannot read IP mode file for STMicroelectronics.FP-SNS-MOTENV1.4.3.1
2023-07-14 16:15:27,675 [WARN] PackLoader:240 - Cannot read IP mode file for STMicroelectronics.FP-SNS-FLIGHT1.5.0.1
2023-07-14 16:15:27,691 [WARN] PackLoader:240 - Cannot read IP mode file for STMicroelectronics.X-CUBE-BLE1.6.2.4
2023-07-14 16:15:27,708 [WARN] PackLoader:240 - Cannot read IP mode file for STMicroelectronics.X-CUBE-DISPLAY.3.0.0
2023-07-14 16:15:27,723 [WARN] PackLoader:240 - Cannot read IP mode file for STMicroelectronics.X-CUBE-TOUCHGFX.4.22.0
2023-07-14 16:15:27,754 [INFO] LogOutputStream:77 - [STDOUT_REDIRECT] 1 : Invalid condition id : UX_CORESTACK_Condition cause : null
2023-07-14 16:15:27,754 [INFO] LogOutputStream:77 - [STDOUT_REDIRECT] 1 : Invalid condition id : UX_CORESTACK_Condition cause : null
2023-07-14 16:15:27,759 [INFO] LogOutputStream:77 - [STDOUT_REDIRECT] 1 : Invalid condition id : UX_CORESTACK_Condition cause : null
2023-07-14 16:15:27,762 [INFO] LogOutputStream:77 - [STDOUT_REDIRECT] 1 : Invalid condition id : UX_CORESTACK_Condition cause : null
2023-07-14 16:15:27,762 [INFO] LogOutputStream:77 - [STDOUT_REDIRECT] 1 : Invalid condition id : UX_CORESTACK_Condition cause : null
2023-07-14 16:15:27,770 [WARN] PackLoader:240 - Cannot read IP mode file for STMicroelectronics.X-CUBE-AZRTOS-WL.2.0.0
2023-07-14 16:15:27,786 [WARN] PackLoader:240 - Cannot read IP mode file for WES.I-CUBE-Cesium.1.3.0
2023-07-14 16:15:27,786 [WARN] PackLoader:240 - Cannot read IP mode file for STMicroelectronics.X-CUBE-BLE2.3.3.0
2023-07-14 16:15:27,812 [WARN] PackLoader:240 - Cannot read IP mode file for STMicroelectronics.X-CUBE-TOUCHGFX.4.21.4
2023-07-14 16:15:27,817 [WARN] PackLoader:240 - Cannot read IP mode file for STMicroelectronics.X-CUBE-ALGOBUILD.1.3.0
2023-07-14 16:15:27,849 [WARN] PackLoader:240 - Cannot read IP mode file for STMicroelectronics.X-CUBE-AZRTOS-G0.1.1.0
2023-07-14 16:15:27,865 [WARN] PackLoader:240 - Cannot read IP mode file for STMicroelectronics.X-CUBE-NFC4.3.0.0
2023-07-14 16:15:27,880 [WARN] PackLoader:240 - Cannot read IP mode file for STMicroelectronics.FP-ATR-SIGFOX1.3.2.0
2023-07-14 16:15:27,945 [WARN] PackLoader:240 - Cannot read IP mode file for SEGGER.I-CUBE-embOS.1.3.1
2023-07-14 16:15:28,009 [WARN] PackLoader:240 - Cannot read IP mode file for STMicroelectronics.X-CUBE-GNSS1.6.0.0
2023-07-14 16:15:28,040 [WARN] PackLoader:240 - Cannot read IP mode file for STMicroelectronics.X-CUBE-AZRTOS-F4.1.1.0
2023-07-14 16:15:28,055 [WARN] PackLoader:240 - Cannot read IP mode file for wolfSSL.I-CUBE-wolfSSL.5.6.0
2023-07-14 16:15:28,121 [WARN] PackLoader:240 - Cannot read IP mode file for STMicroelectronics.X-CUBE-MEMS1.9.6.0
2023-07-14 16:15:28,384 [WARN] PackLoader:240 - Cannot read IP mode file for emotas.I-CUBE-CANOPEN.1.1.3
2023-07-14 16:15:28,431 [WARN] PackLoader:240 - Cannot read IP mode file for STMicroelectronics.X-CUBE-BLEMGR.2.0.0
2023-07-14 16:15:28,462 [WARN] ConditionMgr:438 - getConditionDescription Invalid condition id : UX DEVICE CLASS RTOS Condition cause : null
2023-07-14 16:15:28,462 [WARN] ConditionMgr:438 - getConditionDescription Invalid condition id : UX DEVICE CLASS RTOS Condition cause : null
2023-07-14 16:15:28,462 [WARN] PackLoader:240 - Cannot read IP mode file for STMicroelectronics.X-CUBE-AZRTOS-H7.3.1.0
2023-07-14 16:15:28,478 [WARN] ConditionMgr:1039 - genDependencies : Invalid condition id : UX DEVICE CLASS RTOS Condition cause : null
2023-07-14 16:15:28,478 [WARN] ConditionMgr:1039 - genDependencies : Invalid condition id : UX DEVICE CLASS RTOS Condition cause : null
2023-07-14 16:15:28,478 [WARN] ConditionMgr:1039 - genDependencies : Invalid condition id : UX DEVICE CLASS RTOS Condition cause : null
2023-07-14 16:15:28,478 [WARN] ConditionMgr:1039 - genDependencies : Invalid condition id : UX DEVICE CLASS RTOS Condition cause : null
2023-07-14 16:15:28,478 [WARN] ConditionMgr:1039 - genDependencies : Invalid condition id : UX DEVICE CLASS RTOS Condition cause : null
2023-07-14 16:15:28,494 [WARN] PackLoader:240 - Cannot read IP mode file for STMicroelectronics.X-CUBE-NFC7.1.0.1
2023-07-14 16:15:28,510 [WARN] PackLoader:240 - Cannot read IP mode file for STMicroelectronics.X-CUBE-EEPRMA1.4.1.0
2023-07-14 16:15:28,541 [WARN] ConditionMgr:438 - getConditionDescription Invalid condition id : LAN8742 Phy interface Condition cause : null
2023-07-14 16:15:28,541 [WARN] PackLoader:240 - Cannot read IP mode file for STMicroelectronics.X-CUBE-AZRTOS-L4.2.0.0
2023-07-14 16:15:28,541 [WARN] ConditionMgr:1039 - genDependencies : Invalid condition id : LAN8742 Phy interface Condition cause : null
2023-07-14 16:15:28,541 [WARN] ConditionMgr:1039 - genDependencies : Invalid condition id : LAN8742 Phy interface Condition cause : null
2023-07-14 16:15:28,541 [WARN] ConditionMgr:1039 - genDependencies : Invalid condition id : LAN8742 Phy interface Condition cause : null
2023-07-14 16:15:28,557 [WARN] PackLoader:240 - Cannot read IP mode file for STMicroelectronics.X-CUBE-SFXS2LP1.4.0.0
2023-07-14 16:15:28,572 [WARN] PackLoader:240 - Cannot read IP mode file for STMicroelectronics.X-CUBE-ISPU.1.1.0
2023-07-14 16:15:28,589 [WARN] PackLoader:240 - Cannot read IP mode file for STMicroelectronics.X-CUBE-FREERTOS.1.0.1
2023-07-14 16:15:28,620 [WARN] PackLoader:240 - Cannot read IP mode file for STMicroelectronics.X-CUBE-AZRTOS-L5.1.1.0
2023-07-14 16:15:28,635 [WARN] PackLoader:240 - Cannot read IP mode file for STMicroelectronics.X-CUBE-AI.8.0.1
2023-07-14 16:15:28,666 [WARN] PackLoader:240 - Cannot read IP mode file for STMicroelectronics.X-CUBE-SUBG2.5.0.0
2023-07-14 16:15:28,714 [WARN] PackLoader:240 - Cannot read IP mode file for STMicroelectronics.X-CUBE-AZRTOS-G4.2.0.0
2023-07-14 16:15:28,729 [WARN] PackLoader:240 - Cannot read IP mode file for STMicroelectronics.X-CUBE-TOF1.3.3.0
2023-07-14 16:15:28,761 [WARN] PackLoader:240 - Cannot read IP mode file for portGmbH.I-Cube-SoM-uGOAL.1.1.0
2023-07-14 16:15:28,776 [WARN] PackLoader:240 - Cannot read IP mode file for STMicroelectronics.X-CUBE-ALS.1.0.1
2023-07-14 16:15:28,810 [WARN] PackLoader:240 - Cannot read IP mode file for STMicroelectronics.X-CUBE-AZRTOS-WB.1.1.0
2023-07-14 16:15:28,823 [WARN] PackLoader:240 - Cannot read IP mode file for STMicroelectronics.FP-ATR-ASTRA1.2.0.0
2023-07-14 16:15:28,823 [INFO] ThirdParty:978 - Integrity check success = true
2023-07-14 16:15:28,823 [INFO] IntegrityCheckThread:100 - exiting critical section [integrity check]
2023-07-14 16:15:28,823 [INFO] IntegrityCheckThread:103 - End integrity checks thread
2023-07-14 16:15:28,823 [INFO] ThirdParty:873 - entering critical section [close project]
2023-07-14 16:15:28,823 [INFO] ThirdParty:883 - exiting critical section [close project]
2023-07-14 16:15:28,823 [INFO] PinOutPanel:1499 - setPackage(No Configuration,No Configuration)
2023-07-14 16:15:28,839 [INFO] UtilMem:75 - Begin LoadConfig() Used Memory: 156003152 Bytes (268435456)
2023-07-14 16:15:28,839 [INFO] MicroXplorer:468 - Change Database Path : 
2023-07-14 16:15:28,839 [INFO] MicroXplorer:498 - Change Database Version : DB.6.0.81
2023-07-14 16:15:28,839 [INFO] OpenFileManager:308 - Change cursor
2023-07-14 16:15:28,911 [INFO] Mcu:1937 - Initializing MCU STM32F411C(C-E)Ux STM32F411CEUx STM32F411CEU6
2023-07-14 16:15:31,287 [INFO] Context:659 - Trying to add GPIOservice into a context  which must be forbidden
2023-07-14 16:15:32,043 [INFO] RtosManager:555 - Registered RTOS mode: class=CMSIS, group=RTOS, mode=CMSIS_V1, owner=FREERTOS
2023-07-14 16:15:32,043 [INFO] RtosManager:555 - Registered RTOS mode: class=CMSIS, group=RTOS2, mode=CMSIS_V2, owner=FREERTOS
2023-07-14 16:15:32,043 [INFO] RtosManager:555 - Registered RTOS mode: class=RTOS, group=Core, mode=CMSIS_V1, owner=FREERTOS
2023-07-14 16:15:32,043 [INFO] RtosManager:555 - Registered RTOS mode: class=RTOS, group=Core, mode=CMSIS_V2, owner=FREERTOS
2023-07-14 16:15:32,043 [WARN] ModelIntegratedComponent:184 - Missing modes for component STMicroelectronics:FreeRTOS:0.0.1:STMicroelectronics:RTOS:FreeRTOS:Core:::10.2.0:
2023-07-14 16:15:32,058 [WARN] ModelIntegratedComponent:182 - Modes not found for component STMicroelectronics:USB_HOST:1.0.0:STMicroelectronics:USB::USB Host:Audio HS::1.0:USB_HOST_1_0_RESTRICTED_HS
2023-07-14 16:15:32,058 [WARN] ModelIntegratedComponent:188 - Modes not found for component STMicroelectronics:USB_HOST:1.0.0:STMicroelectronics:USB::USB Host:Audio HS::1.0:USB_HOST_1_0_RESTRICTED_HS
2023-07-14 16:15:32,058 [WARN] ModelIntegratedComponent:182 - Modes not found for component STMicroelectronics:USB_HOST:1.0.0:STMicroelectronics:USB::USB Host:CDC HS::1.0:USB_HOST_1_0_RESTRICTED_HS
2023-07-14 16:15:32,058 [WARN] ModelIntegratedComponent:188 - Modes not found for component STMicroelectronics:USB_HOST:1.0.0:STMicroelectronics:USB::USB Host:CDC HS::1.0:USB_HOST_1_0_RESTRICTED_HS
2023-07-14 16:15:32,058 [WARN] ModelIntegratedComponent:182 - Modes not found for component STMicroelectronics:USB_HOST:1.0.0:STMicroelectronics:USB::USB Host:MSC HS::1.0:USB_HOST_1_0_RESTRICTED_HS
2023-07-14 16:15:32,058 [WARN] ModelIntegratedComponent:188 - Modes not found for component STMicroelectronics:USB_HOST:1.0.0:STMicroelectronics:USB::USB Host:MSC HS::1.0:USB_HOST_1_0_RESTRICTED_HS
2023-07-14 16:15:32,058 [WARN] ModelIntegratedComponent:182 - Modes not found for component STMicroelectronics:USB_HOST:1.0.0:STMicroelectronics:USB::USB Host:HID HS::1.0:USB_HOST_1_0_RESTRICTED_HS
2023-07-14 16:15:32,058 [WARN] ModelIntegratedComponent:188 - Modes not found for component STMicroelectronics:USB_HOST:1.0.0:STMicroelectronics:USB::USB Host:HID HS::1.0:USB_HOST_1_0_RESTRICTED_HS
2023-07-14 16:15:32,058 [WARN] ModelIntegratedComponent:182 - Modes not found for component STMicroelectronics:USB_HOST:1.0.0:STMicroelectronics:USB::USB Host:MTP HS::1.0:USB_HOST_1_0_RESTRICTED_HS
2023-07-14 16:15:32,058 [WARN] ModelIntegratedComponent:188 - Modes not found for component STMicroelectronics:USB_HOST:1.0.0:STMicroelectronics:USB::USB Host:MTP HS::1.0:USB_HOST_1_0_RESTRICTED_HS
2023-07-14 16:15:32,071 [WARN] ModelIntegratedComponent:63 - No mode defined for component null
2023-07-14 16:15:32,071 [WARN] ModelIntegratedComponent:63 - No mode defined for component null
2023-07-14 16:15:32,071 [WARN] ModelIntegratedComponent:63 - No mode defined for component null
2023-07-14 16:15:32,071 [WARN] ModelIntegratedComponent:63 - No mode defined for component null
2023-07-14 16:15:32,071 [WARN] ModelIntegratedComponent:63 - No mode defined for component null
2023-07-14 16:15:32,071 [WARN] ModelIntegratedComponent:63 - No mode defined for component null
2023-07-14 16:15:32,071 [WARN] ModelIntegratedComponent:63 - No mode defined for component null
2023-07-14 16:15:32,071 [WARN] ModelIntegratedComponent:63 - No mode defined for component null
2023-07-14 16:15:32,071 [WARN] ModelIntegratedComponent:63 - No mode defined for component null
2023-07-14 16:15:32,071 [WARN] ModelIntegratedComponent:63 - No mode defined for component null
2023-07-14 16:15:32,071 [WARN] ModelIntegratedComponent:63 - No mode defined for component null
2023-07-14 16:15:32,071 [WARN] ModelIntegratedComponent:63 - No mode defined for component null
2023-07-14 16:15:32,071 [WARN] ModelIntegratedComponent:63 - No mode defined for component null
2023-07-14 16:15:32,071 [WARN] ModelIntegratedComponent:63 - No mode defined for component null
2023-07-14 16:15:32,071 [WARN] ModelIntegratedComponent:63 - No mode defined for component null
2023-07-14 16:15:32,071 [WARN] ModelIntegratedComponent:63 - No mode defined for component null
2023-07-14 16:15:32,071 [WARN] ModelIntegratedComponent:63 - No mode defined for component null
2023-07-14 16:15:32,071 [WARN] ModelIntegratedComponent:63 - No mode defined for component null
2023-07-14 16:15:32,071 [WARN] ModelIntegratedComponent:63 - No mode defined for component null
2023-07-14 16:15:32,074 [WARN] ModelIntegratedComponent:63 - No mode defined for component null
2023-07-14 16:15:32,074 [WARN] ModelIntegratedComponent:63 - No mode defined for component null
2023-07-14 16:15:32,074 [WARN] ModelIntegratedComponent:63 - No mode defined for component null
2023-07-14 16:15:32,075 [WARN] ModelIntegratedComponent:63 - No mode defined for component null
2023-07-14 16:15:32,075 [WARN] ModelIntegratedComponent:63 - No mode defined for component null
2023-07-14 16:15:32,075 [WARN] ModelIntegratedComponent:63 - No mode defined for component null
2023-07-14 16:15:32,075 [WARN] ModelIntegratedComponent:63 - No mode defined for component null
2023-07-14 16:15:32,075 [WARN] ModelIntegratedComponent:63 - No mode defined for component null
2023-07-14 16:15:32,075 [WARN] ModelIntegratedComponent:63 - No mode defined for component null
2023-07-14 16:15:32,075 [WARN] ModelIntegratedComponent:63 - No mode defined for component null
2023-07-14 16:15:32,075 [WARN] ModelIntegratedComponent:63 - No mode defined for component null
2023-07-14 16:15:32,075 [WARN] ModelIntegratedComponent:63 - No mode defined for component null
2023-07-14 16:15:32,075 [WARN] ModelIntegratedComponent:63 - No mode defined for component null
2023-07-14 16:15:32,075 [WARN] ModelIntegratedComponent:63 - No mode defined for component null
2023-07-14 16:15:32,076 [WARN] ModelIntegratedComponent:182 - Modes not found for component STMicroelectronics:USB_DEVICE:1.0.0:STMicroelectronics:USB::USB Device:Audio HS::1.0:USB_DEVICE_1_0_RESTRICTED_HS
2023-07-14 16:15:32,076 [WARN] ModelIntegratedComponent:188 - Modes not found for component STMicroelectronics:USB_DEVICE:1.0.0:STMicroelectronics:USB::USB Device:Audio HS::1.0:USB_DEVICE_1_0_RESTRICTED_HS
2023-07-14 16:15:32,076 [WARN] ModelIntegratedComponent:182 - Modes not found for component STMicroelectronics:USB_DEVICE:1.0.0:STMicroelectronics:USB::USB Device:CDC HS::1.0:USB_DEVICE_1_0_RESTRICTED_HS
2023-07-14 16:15:32,076 [WARN] ModelIntegratedComponent:188 - Modes not found for component STMicroelectronics:USB_DEVICE:1.0.0:STMicroelectronics:USB::USB Device:CDC HS::1.0:USB_DEVICE_1_0_RESTRICTED_HS
2023-07-14 16:15:32,076 [WARN] ModelIntegratedComponent:182 - Modes not found for component STMicroelectronics:USB_DEVICE:1.0.0:STMicroelectronics:USB::USB Device:DFU HS::1.0:USB_DEVICE_1_0_RESTRICTED_HS
2023-07-14 16:15:32,076 [WARN] ModelIntegratedComponent:188 - Modes not found for component STMicroelectronics:USB_DEVICE:1.0.0:STMicroelectronics:USB::USB Device:DFU HS::1.0:USB_DEVICE_1_0_RESTRICTED_HS
2023-07-14 16:15:32,090 [WARN] ModelIntegratedComponent:182 - Modes not found for component STMicroelectronics:USB_DEVICE:1.0.0:STMicroelectronics:USB::USB Device:HID HS::1.0:USB_DEVICE_1_0_RESTRICTED_HS
2023-07-14 16:15:32,090 [WARN] ModelIntegratedComponent:188 - Modes not found for component STMicroelectronics:USB_DEVICE:1.0.0:STMicroelectronics:USB::USB Device:HID HS::1.0:USB_DEVICE_1_0_RESTRICTED_HS
2023-07-14 16:15:32,090 [WARN] ModelIntegratedComponent:182 - Modes not found for component STMicroelectronics:USB_DEVICE:1.0.0:STMicroelectronics:USB::USB Device:Custom HID HS::1.0:USB_DEVICE_1_0_RESTRICTED_HS
2023-07-14 16:15:32,091 [WARN] ModelIntegratedComponent:188 - Modes not found for component STMicroelectronics:USB_DEVICE:1.0.0:STMicroelectronics:USB::USB Device:Custom HID HS::1.0:USB_DEVICE_1_0_RESTRICTED_HS
2023-07-14 16:15:32,091 [WARN] ModelIntegratedComponent:182 - Modes not found for component STMicroelectronics:USB_DEVICE:1.0.0:STMicroelectronics:USB::USB Device:MSC HS::1.0:USB_DEVICE_1_0_RESTRICTED_HS
2023-07-14 16:15:32,091 [WARN] ModelIntegratedComponent:188 - Modes not found for component STMicroelectronics:USB_DEVICE:1.0.0:STMicroelectronics:USB::USB Device:MSC HS::1.0:USB_DEVICE_1_0_RESTRICTED_HS
2023-07-14 16:15:32,106 [INFO] ThirdPartyModel:298 - Start build external matchings
2023-07-14 16:15:32,248 [INFO] ThirdPartyModel:316 - End build external matchings
2023-07-14 16:15:32,279 [INFO] ImportTextPane:194 - (OptionalMessage_ERROR) IP (RCC) : Parameter (RTCHSEDivFreq_Value) has invalid value (12500000)
2023-07-14 16:15:32,484 [INFO] UtilMem:75 - End LoadConfig() Used Memory: 159469072 Bytes (268435456)
2023-07-14 16:15:32,626 [INFO] ApiDb:581 - Connected to CubeFinder SQLite database (C:\Users\senin\.stmcufinder\plugins\mcufinder\mcu\cube-finder-db.db)
2023-07-14 16:15:32,714 [INFO] ApiDb:668 - CubeFinder database Data Model version=2.1
2023-07-14 16:15:32,714 [INFO] ApiDb:669 - CubeFinder database Configuration version=3.0.37
2023-07-14 16:15:32,714 [INFO] ApiDb:670 - CubeFinder database generation date=2023-06-26 (1687786131)
2023-07-14 16:15:32,714 [INFO] ApiDb:671 - CubeFinder database FW Pack versions=[FP-ATR-ASTRA1_V2.0.0, FP-SNS-FLIGHT1_V5.0.1, FP-SNS-MOTENV1_V4.3.1, STM32Cube_FW_C0_V1.1.0, STM32Cube_FW_F4_V1.27.1, STM32Cube_FW_F7_V1.17.0, STM32Cube_FW_G0_V1.6.1, STM32Cube_FW_G4_V1.5.1, STM32Cube_FW_H5_V0.5.1, STM32Cube_FW_H5_V1.1.0, STM32Cube_FW_H7_V1.11.0, STM32Cube_FW_L0_V1.12.2, STM32Cube_FW_L5_V1.5.0, STM32Cube_FW_U5_V1.3.0, STM32Cube_FW_U5_V1.3.0RC4, STM32Cube_FW_WBA_V1.0.0RC1, STM32Cube_FW_WBA_V1.1.0, STM32Cube_FW_WBA_V1.1.0RC1, STM32Cube_FW_WB_V1.15.0RC1, STM32Cube_FW_WB_V1.16.0, STM32Cube_FW_WB_V1.16.0RC2, STM32Cube_FW_WB_V1.17.0, STM32Cube_FW_WL_V1.3.0, X-CUBE-ALGOBUILD_V1.3.0, X-CUBE-ALS_V1.0.1, X-CUBE-AZRTOS-F4_V1.1.0, X-CUBE-AZRTOS-F7_V1.1.0, X-CUBE-AZRTOS-G0_V1.1.0, X-CUBE-AZRTOS-G4_V2.0.0, X-CUBE-AZRTOS-H7_V3.1.0, X-CUBE-AZRTOS-L4_V1.0.0, X-CUBE-AZRTOS-L4_V2.0.0, X-CUBE-AZRTOS-L5_V1.1.0, X-CUBE-AZRTOS-WB_V1.1.0, X-CUBE-AZRTOS-WL_V2.0.0, X-CUBE-BLE1_V6.2.4, X-CUBE-BLE2_V3.3.0, X-CUBE-BLEMGR_V2.0.0, X-CUBE-EEPRMA1_V4.1.0, X-CUBE-FREERTOS_V1.0.1, X-CUBE-GNSS1_V6.0.0, X-CUBE-MEMS1_V9.1.0, X-CUBE-MEMS1_V9.4.0, X-CUBE-MEMS1_V9.6.0, X-CUBE-NFC4_V3.0.0, X-CUBE-NFC7_V1.0.0, X-CUBE-SFXS2LP1_V4.0.0, X-CUBE-SUBG2_V5.0.0]
2023-07-14 16:15:34,616 [INFO] ApiDb:240 - Found 297 in-development CPN: [B-G473E-ZEST1S, B-WB1M-WPAN1, B-WL5M-SUBG1, NUCLEO-C031C6, NUCLEO-H503RB, NUCLEO-H563ZI, NUCLEO-U545RE-Q, NUCLEO-U5A5ZJ-Q, NUCLEO-WBA52CG, STEVAL-PROTEUS1, STEVAL-STWINBX1, STM320518-EVAL, STM32C0116-DK, STM32C011D6Y3TR, STM32C011D6Y6TR, STM32C011F4P3, STM32C011F4P6, STM32C011F4U3, STM32C011F4U6TR, STM32C011F6P3, STM32C011F6P6, STM32C011F6U3, STM32C011F6U6TR, STM32C011J4M3, STM32C011J4M6, STM32C011J6M3, STM32C011J6M6, STM32C0316-DK, STM32C031C4T3, STM32C031C4T6, STM32C031C4U3, STM32C031C4U6, STM32C031C6T3, STM32C031C6T6, STM32C031C6U3, STM32C031C6U6, STM32C031F4P3, STM32C031F4P6, STM32C031F6P3, STM32C031F6P6, STM32C031G4U3, STM32C031G4U6, STM32C031G6U3, STM32C031G6U6, STM32C031K4T3, STM32C031K4T6, STM32C031K4U3, STM32C031K4U6, STM32C031K6T3, STM32C031K6T6, STM32C031K6U3, STM32C031K6U6, STM32G071K8TXN, STM32G071K8UXN, STM32G081GBU6N, STM32G081KBT6N, STM32G081KBUXN, STM32G0B1CCT6N, STM32G0B1KCT6, STM32G0B1NEY6TR, STM32G0B1RCT6N, STM32G0C1CCT6, STM32G0C1CCT6N, STM32G0C1CCU6N, STM32G0C1CET6N, STM32G0C1CEU6N, STM32G0C1KCT6, STM32G0C1NEY6TR, STM32G0C1RCI6N, STM32G0C1RCT6N, STM32G0C1REI6N, STM32G0C1RET6N, STM32G0C1VCI6, STM32G0C1VEI6, STM32G471CCT6, STM32G471CCU6, STM32G471CET3, STM32G471CET6, STM32G471CEU3, STM32G471CEU6, STM32G471MCT6, STM32G471MET3, STM32G471MET6, STM32G471MEY6TR, STM32G471QCT6, STM32G471QET3, STM32G471RCT6, STM32G471RET3, STM32G471RET6, STM32G471VCH6, STM32G471VCI6, STM32G471VCT6, STM32G471VEH3, STM32G471VEH6, STM32G471VEI3, STM32G471VEI6, STM32G471VET3, STM32G471VET6, STM32G474CCT6, STM32H503CBT6, STM32H503CBU6, STM32H503EBY6TR, STM32H503KBU6, STM32H503RBT6, STM32H562AGI6, STM32H562AII6, STM32H562IGK6, STM32H562IGT6, STM32H562IIK6, STM32H562IIT6, STM32H562RGT6, STM32H562RGV6, STM32H562RIT6, STM32H562RIV6, STM32H562VGT6, STM32H562VIT6, STM32H562ZGT6, STM32H562ZIT6, STM32H563AGI6, STM32H563AII3Q, STM32H563AII6, STM32H563IGK6, STM32H563IGT6, STM32H563IIK3Q, STM32H563IIK6, STM32H563IIT3Q, STM32H563IIT6, STM32H563MIY3QTR, STM32H563RGT6, STM32H563RGV6, STM32H563RIT6, STM32H563RIV6, STM32H563VGT6, STM32H563VIT3Q, STM32H563VIT6, STM32H563ZGT6, STM32H563ZIT3Q, STM32H563ZIT6, STM32H573AII3Q, STM32H573AII6, STM32H573I-DK, STM32H573IIK3Q, STM32H573IIK6, STM32H573IIT3Q, STM32H573IIT6, STM32H573MIY3QTR, STM32H573RIT6, STM32H573RIV6, STM32H573VIT3Q, STM32H573VIT6, STM32H573ZIT3Q, STM32H573ZIT6, STM32L4R5QGI6STR, STM32MP131AAE3, STM32MP131AAF3, STM32MP131AAG3, STM32MP131CAE3, STM32MP131CAF3, STM32MP131CAG3, STM32MP131DAE7, STM32MP131DAF7, STM32MP131DAG7, STM32MP131FAE7, STM32MP131FAF7, STM32MP131FAG7, STM32MP133AAE3, STM32MP133AAF3, STM32MP133AAG3, STM32MP133CAE3, STM32MP133CAF3, STM32MP133CAG3, STM32MP133DAE7, STM32MP133DAF7, STM32MP133DAG7, STM32MP133FAE7, STM32MP133FAF7, STM32MP133FAG7, STM32MP135AAE3, STM32MP135AAF3, STM32MP135AAG3, STM32MP135CAE3, STM32MP135CAF3, STM32MP135CAG3, STM32MP135DAE7, STM32MP135DAF7, STM32MP135DAG7, STM32MP135F-DK, STM32MP135FAE7, STM32MP135FAF7, STM32MP135FAF7T, STM32MP135FAF7U, STM32MP135FAG7, STM32U535CBT6, STM32U535CBT6Q, STM32U535CBU6, STM32U535CBU6Q, STM32U535CCT6, STM32U535CCT6Q, STM32U535CCU6, STM32U535CCU6Q, STM32U535CET6, STM32U535CET6Q, STM32U535CEU6, STM32U535CEU6Q, STM32U535JEY6QTR, STM32U535NCY6QTR, STM32U535NEY6QTR, STM32U535RBI6, STM32U535RBI6Q, STM32U535RBT6, STM32U535RBT6Q, STM32U535RCI6, STM32U535RCI6Q, STM32U535RCT6, STM32U535RCT6Q, STM32U535REI6, STM32U535REI6Q, STM32U535RET6, STM32U535RET6Q, STM32U535VCI6, STM32U535VCI6Q, STM32U535VCT6, STM32U535VCT6Q, STM32U535VEI6, STM32U535VEI6Q, STM32U535VET6, STM32U535VET6Q, STM32U545CET6, STM32U545CET6Q, STM32U545CEU6, STM32U545CEU6Q, STM32U545JEY6QTR, STM32U545NEY6QTR, STM32U545REI6, STM32U545REI6Q, STM32U545RET6, STM32U545RET6Q, STM32U545VEI6, STM32U545VEI6Q, STM32U545VET6, STM32U545VET6Q, STM32U595AIH6, STM32U595AIH6Q, STM32U595AJH6, STM32U595AJH6Q, STM32U595QII6, STM32U595QII6Q, STM32U595QJI6, STM32U595QJI6Q, STM32U595RIT6, STM32U595RIT6Q, STM32U595RJT6, STM32U595RJT6Q, STM32U595VIT6, STM32U595VIT6Q, STM32U595VJT6, STM32U595VJT6Q, STM32U595ZIT6, STM32U595ZIT6Q, STM32U595ZIY6QTR, STM32U595ZJT6, STM32U595ZJT6Q, STM32U595ZJY6QTR, STM32U599BJY6QTR, STM32U599NIH6Q, STM32U599NJH6Q, STM32U599VIT6Q, STM32U599VJT6, STM32U599VJT6Q, STM32U599ZIT6Q, STM32U599ZIY6QTR, STM32U599ZJT6Q, STM32U599ZJY6QTR, STM32U5A5AJH6, STM32U5A5AJH6Q, STM32U5A5QJI6, STM32U5A5QJI6Q, STM32U5A5RJT6, STM32U5A5RJT6Q, STM32U5A5VJT6, STM32U5A5VJT6Q, STM32U5A5ZJT6, STM32U5A5ZJT6Q, STM32U5A5ZJY6QTR, STM32U5A9BJY6QTR, STM32U5A9J-DK, STM32U5A9NJH6Q, STM32U5A9VJT6Q, STM32U5A9ZJT6Q, STM32U5A9ZJY6QTR, STM32WB1MMCH6, STM32WBA52CEU6, STM32WBA52CEU6T, STM32WBA52CGU6, STM32WBA52CGU6T, STM32WL5MOCH6, STM32WL5MOCH6TR]
2023-07-14 16:15:34,616 [INFO] DbMcus:216 - Found 3825 MCUs, 3825 are supported
2023-07-14 16:15:34,624 [INFO] ApiDb:423 - Load user favorites file C:\Users\senin/.stm32cubeide/favorites.mcus.txt: 0 item(s)
2023-07-14 16:15:34,624 [INFO] ApiDb:427 - User favorites MCUs=[]
2023-07-14 16:15:34,624 [INFO] DbMcus:222 - Set 0 / 0 favorites MCUs
2023-07-14 16:15:35,066 [WARN] ThirdParty:833 - waiting for thirdparty lock release [change project]
2023-07-14 16:15:35,066 [INFO] ThirdParty:835 - entering critical section [change project]
2023-07-14 16:15:35,066 [INFO] ThirdParty:1030 - CMSIS Pack Vendor :STMicroelectronics X-CUBE-ISPU 1.1.0
2023-07-14 16:15:35,066 [INFO] ThirdParty:1030 - CMSIS Pack Vendor :STMicroelectronics X-CUBE-GNSS1 6.0.0
2023-07-14 16:15:35,066 [INFO] ThirdParty:1030 - CMSIS Pack Vendor :STMicroelectronics USB_HOST 2.0.0
2023-07-14 16:15:35,066 [INFO] ThirdParty:1030 - CMSIS Pack Vendor :STMicroelectronics X-CUBE-AZRTOS-F4 1.1.0
2023-07-14 16:15:35,066 [INFO] ThirdParty:1030 - CMSIS Pack Vendor :STMicroelectronics LIBJPEG 8.0.0
2023-07-14 16:15:35,066 [INFO] ThirdParty:1030 - CMSIS Pack Vendor :STMicroelectronics X-CUBE-SMBUS 2.1.0
2023-07-14 16:15:35,066 [INFO] ThirdParty:1030 - CMSIS Pack Vendor :wolfSSL I-CUBE-wolfSSL 5.6.0
2023-07-14 16:15:35,066 [INFO] ThirdParty:1030 - CMSIS Pack Vendor :STMicroelectronics USB_DEVICE 3.0.0
2023-07-14 16:15:35,066 [INFO] ThirdParty:1030 - CMSIS Pack Vendor :STMicroelectronics X-CUBE-FREERTOS 1.0.1
2023-07-14 16:15:35,066 [INFO] ThirdParty:1030 - CMSIS Pack Vendor :STMicroelectronics X-CUBE-AZRTOS-F7 1.1.0
2023-07-14 16:15:35,066 [INFO] ThirdParty:1030 - CMSIS Pack Vendor :STMicroelectronics X-CUBE-TOUCHGFX 4.21.4
2023-07-14 16:15:35,066 [INFO] ThirdParty:1030 - CMSIS Pack Vendor :STMicroelectronics USB_DEVICE 2.0.0
2023-07-14 16:15:35,066 [INFO] ThirdParty:1030 - CMSIS Pack Vendor :STMicroelectronics X-CUBE-MEMS1 9.6.0
2023-07-14 16:15:35,066 [INFO] ThirdParty:1030 - CMSIS Pack Vendor :STMicroelectronics FP-SNS-MOTENV1 4.3.2
2023-07-14 16:15:35,066 [INFO] ThirdParty:1030 - CMSIS Pack Vendor :STMicroelectronics FP-SNS-MOTENV1 4.3.1
2023-07-14 16:15:35,066 [INFO] ThirdParty:1030 - CMSIS Pack Vendor :STMicroelectronics FP-SNS-FLIGHT1 5.0.1
2023-07-14 16:15:35,066 [INFO] ThirdParty:1030 - CMSIS Pack Vendor :STMicroelectronics X-CUBE-ALGOBUILD 1.3.0
2023-07-14 16:15:35,066 [INFO] ThirdParty:1030 - CMSIS Pack Vendor :STMicroelectronics X-CUBE-BLE1 6.2.4
2023-07-14 16:15:35,066 [INFO] ThirdParty:1030 - CMSIS Pack Vendor :STMicroelectronics X-CUBE-AZRTOS-L5 1.1.0
2023-07-14 16:15:35,066 [INFO] ThirdParty:1030 - CMSIS Pack Vendor :STMicroelectronics FreeRTOS 0.0.1
2023-07-14 16:15:35,066 [INFO] ThirdParty:1030 - CMSIS Pack Vendor :STMicroelectronics X-CUBE-AZRTOS-G0 1.1.0
2023-07-14 16:15:35,066 [INFO] ThirdParty:1030 - CMSIS Pack Vendor :emotas I-CUBE-CANOPEN 1.1.3
2023-07-14 16:15:35,066 [INFO] ThirdParty:1030 - CMSIS Pack Vendor :STMicroelectronics X-CUBE-BLEMGR 2.0.0
2023-07-14 16:15:35,066 [INFO] ThirdParty:1030 - CMSIS Pack Vendor :STMicroelectronics X-CUBE-AI 8.0.1
2023-07-14 16:15:35,066 [INFO] ThirdParty:1030 - CMSIS Pack Vendor :STMicroelectronics X-CUBE-NFC4 3.0.0
2023-07-14 16:15:35,066 [INFO] ThirdParty:1030 - CMSIS Pack Vendor :STMicroelectronics X-CUBE-SUBG2 5.0.0
2023-07-14 16:15:35,066 [INFO] ThirdParty:1030 - CMSIS Pack Vendor :STMicroelectronics STM32_WPAN 1.0.0
2023-07-14 16:15:35,066 [INFO] ThirdParty:1030 - CMSIS Pack Vendor :STMicroelectronics lwIP 2.0.3
2023-07-14 16:15:35,066 [INFO] ThirdParty:1030 - CMSIS Pack Vendor :STMicroelectronics USB_HOST 1.0.0
2023-07-14 16:15:35,066 [INFO] ThirdParty:1030 - CMSIS Pack Vendor :STMicroelectronics X-CUBE-AZRTOS-G4 2.0.0
2023-07-14 16:15:35,066 [INFO] ThirdParty:1030 - CMSIS Pack Vendor :STMicroelectronics PDM2PCM 3.1.0
2023-07-14 16:15:35,066 [INFO] ThirdParty:1030 - CMSIS Pack Vendor :STMicroelectronics X-CUBE-AZRTOS-H7 3.1.0
2023-07-14 16:15:35,066 [INFO] ThirdParty:1030 - CMSIS Pack Vendor :STMicroelectronics X-CUBE-TOF1 3.3.0
2023-07-14 16:15:35,066 [INFO] ThirdParty:1030 - CMSIS Pack Vendor :STMicroelectronics PDM2PCM 3.3.0
2023-07-14 16:15:35,066 [INFO] ThirdParty:1030 - CMSIS Pack Vendor :STMicroelectronics X-CUBE-DISPLAY 3.0.0
2023-07-14 16:15:35,066 [INFO] ThirdParty:1030 - CMSIS Pack Vendor :STMicroelectronics FP-ATR-SIGFOX1 3.2.0
2023-07-14 16:15:35,066 [INFO] ThirdParty:1030 - CMSIS Pack Vendor :STMicroelectronics HAL Drivers 0.0.0
2023-07-14 16:15:35,066 [INFO] ThirdParty:1030 - CMSIS Pack Vendor :STMicroelectronics MBEDTLS 2.16.2
2023-07-14 16:15:35,066 [INFO] ThirdParty:1030 - CMSIS Pack Vendor :STMicroelectronics X-CUBE-TOUCHGFX 4.22.0
2023-07-14 16:15:35,066 [INFO] ThirdParty:1030 - CMSIS Pack Vendor :STMicroelectronics X-CUBE-NFC7 1.0.1
2023-07-14 16:15:35,066 [INFO] ThirdParty:1030 - CMSIS Pack Vendor :STMicroelectronics MBEDTLS 2.14.1
2023-07-14 16:15:35,066 [INFO] ThirdParty:1030 - CMSIS Pack Vendor :STMicroelectronics X-CUBE-EEPRMA1 4.1.0
2023-07-14 16:15:35,066 [INFO] ThirdParty:1030 - CMSIS Pack Vendor :portGmbH I-Cube-SoM-uGOAL 1.1.0
2023-07-14 16:15:35,066 [INFO] ThirdParty:1030 - CMSIS Pack Vendor :STMicroelectronics X-CUBE-ALS 1.0.1
2023-07-14 16:15:35,066 [INFO] ThirdParty:1030 - CMSIS Pack Vendor :STMicroelectronics ThreadX 1.0.0
2023-07-14 16:15:35,066 [INFO] ThirdParty:1030 - CMSIS Pack Vendor :STMicroelectronics X-CUBE-AZRTOS-WB 1.1.0
2023-07-14 16:15:35,081 [INFO] ThirdParty:1030 - CMSIS Pack Vendor :STMicroelectronics X-CUBE-AZRTOS-WL 2.0.0
2023-07-14 16:15:35,081 [INFO] ThirdParty:1030 - CMSIS Pack Vendor :SEGGER I-CUBE-embOS 1.3.1
2023-07-14 16:15:35,081 [INFO] ThirdParty:1030 - CMSIS Pack Vendor :STMicroelectronics USB_DEVICE 1.0.0
2023-07-14 16:15:35,081 [INFO] ThirdParty:1030 - CMSIS Pack Vendor :STMicroelectronics X-CUBE-AZRTOS-L4 2.0.0
2023-07-14 16:15:35,081 [INFO] ThirdParty:1030 - CMSIS Pack Vendor :STMicroelectronics ThreadX 0.0.2
2023-07-14 16:15:35,081 [INFO] ThirdParty:1030 - CMSIS Pack Vendor :WES I-CUBE-Cesium 1.3.0
2023-07-14 16:15:35,081 [INFO] ThirdParty:1030 - CMSIS Pack Vendor :STMicroelectronics FP-ATR-ASTRA1 2.0.0
2023-07-14 16:15:35,081 [INFO] ThirdParty:1030 - CMSIS Pack Vendor :STMicroelectronics lwIP 2.1.2
2023-07-14 16:15:35,081 [INFO] ThirdParty:1030 - CMSIS Pack Vendor :STMicroelectronics X-CUBE-SFXS2LP1 4.0.0
2023-07-14 16:15:35,081 [INFO] ThirdParty:1030 - CMSIS Pack Vendor :STMicroelectronics X-CUBE-BLE2 3.3.0
2023-07-14 16:15:35,081 [INFO] ThirdParty:1030 - CMSIS Pack Vendor :STMicroelectronics PDM2PCM 3.2.0
2023-07-14 16:15:35,081 [INFO] ThirdParty:841 - exiting critical section [change project]
2023-07-14 16:15:35,756 [INFO] PinOutPanel:1499 - setPackage(No Configuration,No Configuration)
2023-07-14 16:15:35,756 [INFO] PinOutPanel:1499 - setPackage(STM32F411CEUx,UFQFPN48)
2023-07-14 16:15:36,039 [ERROR] LogOutputStream:75 - [STDERR_REDIRECT] SLF4J: Failed to load class "org.slf4j.impl.StaticLoggerBinder".
2023-07-14 16:15:36,039 [ERROR] LogOutputStream:75 - [STDERR_REDIRECT] SLF4J: Defaulting to no-operation (NOP) logger implementation
2023-07-14 16:15:36,039 [ERROR] LogOutputStream:75 - [STDERR_REDIRECT] SLF4J: See http://www.slf4j.org/codes.html#StaticLoggerBinder for further details.
2023-07-14 16:15:36,526 [INFO] UtilMem:75 - Before build in PCC Used Memory: 233882256 Bytes (300941312)
2023-07-14 16:15:38,049 [INFO] UtilMem:75 - After build in PCC Used Memory: 184330504 Bytes (310378496)
2023-07-14 16:15:38,096 [INFO] IPUIPlugin:80 - create IPUIPlugin
2023-07-14 16:15:38,096 [INFO] IPUIPlugin:80 - create IPUIPlugin
2023-07-14 16:15:38,096 [INFO] IPUIPlugin:80 - create IPUIPlugin
2023-07-14 16:15:38,096 [INFO] IPUIPlugin:80 - create IPUIPlugin
2023-07-14 16:15:38,096 [INFO] IPUIPlugin:80 - create IPUIPlugin
2023-07-14 16:15:38,096 [INFO] IPUIPlugin:80 - create IPUIPlugin
2023-07-14 16:15:38,096 [INFO] IPUIPlugin:80 - create IPUIPlugin
2023-07-14 16:15:38,096 [INFO] IPUIPlugin:80 - create IPUIPlugin
2023-07-14 16:15:38,096 [INFO] IPUIPlugin:80 - create IPUIPlugin
2023-07-14 16:15:38,096 [INFO] IPUIPlugin:80 - create IPUIPlugin
2023-07-14 16:15:38,096 [INFO] IPUIPlugin:80 - create IPUIPlugin
2023-07-14 16:15:38,096 [INFO] IPUIPlugin:80 - create IPUIPlugin
2023-07-14 16:15:38,096 [INFO] IPUIPlugin:80 - create IPUIPlugin
2023-07-14 16:15:38,096 [INFO] IPUIPlugin:80 - create IPUIPlugin
2023-07-14 16:15:38,096 [INFO] IPUIPlugin:80 - create IPUIPlugin
2023-07-14 16:15:38,096 [INFO] IPUIPlugin:80 - create IPUIPlugin
2023-07-14 16:15:38,096 [INFO] IPUIPlugin:80 - create IPUIPlugin
2023-07-14 16:15:38,096 [INFO] IPUIPlugin:80 - create IPUIPlugin
2023-07-14 16:15:38,096 [INFO] IPUIPlugin:80 - create IPUIPlugin
2023-07-14 16:15:38,096 [INFO] IPUIPlugin:80 - create IPUIPlugin
2023-07-14 16:15:38,096 [INFO] IPUIPlugin:80 - create IPUIPlugin
2023-07-14 16:15:38,096 [INFO] IPUIPlugin:80 - create IPUIPlugin
2023-07-14 16:15:38,096 [INFO] IPUIPlugin:80 - create IPUIPlugin
2023-07-14 16:15:38,096 [INFO] IPUIPlugin:80 - create IPUIPlugin
2023-07-14 16:15:38,096 [INFO] IPUIPlugin:80 - create IPUIPlugin
2023-07-14 16:15:38,096 [INFO] IPUIPlugin:80 - create IPUIPlugin
2023-07-14 16:15:38,096 [INFO] IPUIPlugin:80 - create IPUIPlugin
2023-07-14 16:15:38,096 [INFO] IPUIPlugin:80 - create IPUIPlugin
2023-07-14 16:15:38,096 [INFO] IPUIPlugin:80 - create IPUIPlugin
2023-07-14 16:15:38,096 [INFO] IPUIPlugin:80 - create IPUIPlugin
2023-07-14 16:15:38,096 [INFO] IPUIPlugin:80 - create IPUIPlugin
2023-07-14 16:15:38,096 [INFO] IPUIPlugin:80 - create IPUIPlugin
2023-07-14 16:15:38,096 [INFO] IPUIPlugin:80 - create IPUIPlugin
2023-07-14 16:15:38,096 [INFO] IPUIPlugin:80 - create IPUIPlugin
2023-07-14 16:15:38,096 [INFO] IPUIPlugin:80 - create IPUIPlugin
2023-07-14 16:15:38,096 [INFO] IPUIPlugin:80 - create IPUIPlugin
2023-07-14 16:15:38,096 [INFO] IPUIPlugin:80 - create IPUIPlugin
2023-07-14 16:15:38,096 [INFO] IPUIPlugin:80 - create IPUIPlugin
2023-07-14 16:15:38,096 [INFO] IPUIPlugin:80 - create IPUIPlugin
2023-07-14 16:15:38,111 [INFO] IPUIPlugin:80 - create IPUIPlugin
2023-07-14 16:15:38,111 [INFO] IPUIPlugin:80 - create IPUIPlugin
2023-07-14 16:15:38,111 [INFO] IPUIPlugin:80 - create IPUIPlugin
2023-07-14 16:15:38,111 [INFO] IPUIPlugin:80 - create IPUIPlugin
2023-07-14 16:15:38,222 [INFO] ApiDbMcu:507 - Load IP Config File for PDM2PCM
2023-07-14 16:15:38,237 [WARN] IP:2113 - I2C_Coeff_DF not found: check if there is a RefParameter without a condition.
2023-07-14 16:15:38,237 [WARN] IP:2113 - Analog_Filter not found: check if there is a RefParameter without a condition.
2023-07-14 16:15:38,536 [INFO] CADModel:165 - CPN selected for project levelSTM32F411CEU6
2023-07-14 16:15:38,536 [INFO] CADModel:114 - Register for checkConnection events
2023-07-14 16:15:38,746 [INFO] OpenFileManager:328 - Restore cursor
2023-07-14 16:15:38,900 [WARN] IP:2113 - I2C_Coeff_DF not found: check if there is a RefParameter without a condition.
2023-07-14 16:15:38,900 [WARN] IP:2113 - Analog_Filter not found: check if there is a RefParameter without a condition.
2023-07-14 16:15:38,900 [WARN] IP:2113 - I2C_Coeff_DF not found: check if there is a RefParameter without a condition.
2023-07-14 16:15:38,900 [WARN] IP:2113 - Analog_Filter not found: check if there is a RefParameter without a condition.
2023-07-14 16:16:58,585 [INFO] NvicIntPanel:101 - NVIC parent = com.st.microxplorer.plugins.ip.nvic.MultiNvicIntPanel[,0,0,0x0,invalid,layout=javax.swing.BoxLayout,alignmentX=0.0,alignmentY=0.0,border=,flags=9,maximumSize=,minimumSize=,preferredSize=]
2023-07-14 16:17:01,233 [INFO] UtilMem:75 - End SaveConfig() Used Memory: 527890208 Bytes (641728512)
2023-07-14 16:17:03,618 [INFO] UtilMem:75 - End SaveConfig() Used Memory: 506457760 Bytes (641728512)
2023-07-14 16:17:04,634 [INFO] BlockDiagram:2759 - set Specific Code input for plugin: NVIC
2023-07-14 16:17:04,634 [INFO] BlockDiagram:2759 - set Specific Code input for plugin: TIM1_8
2023-07-14 16:17:04,634 [INFO] BlockDiagram:2759 - set Specific Code input for plugin: TIM1_8
2023-07-14 16:17:04,634 [INFO] BlockDiagram:2759 - set Specific Code input for plugin: GPIO
2023-07-14 16:17:04,634 [INFO] BlockDiagram:2759 - set Specific Code input for plugin: RCC
2023-07-14 16:17:04,634 [INFO] BlockDiagram:2759 - set Specific Code input for plugin: I2C
2023-07-14 16:17:04,638 [INFO] CodeGenerator:793 - code generatio: config db path: C:\ST\STM32CubeIDE_1.12.1\STM32CubeIDE\plugins\com.st.stm32cube.common.mx_6.8.1.202304191431\\db\
2023-07-14 16:17:04,654 [WARN] IP:2113 - I2C_Coeff_DF not found: check if there is a RefParameter without a condition.
2023-07-14 16:17:04,654 [WARN] IP:2113 - Analog_Filter not found: check if there is a RefParameter without a condition.
2023-07-14 16:17:05,157 [INFO] CodeEngine:255 - oldGeneratedFile, C:\Users\senin\Desktop\geoscan\stm32cube\motor\MXTmpFiles\license.tmp_save
2023-07-14 16:17:05,676 [INFO] CodeEngine:279 - Generated code: C:\Users\senin\Desktop\geoscan\stm32cube\motor\MXTmpFiles\license.tmp
2023-07-14 16:17:05,771 [INFO] CodeEngine:255 - oldGeneratedFile, C:\Users\senin\Desktop\geoscan\stm32cube\motor\MXTmpFiles\gpio.tmp_save
2023-07-14 16:17:06,007 [INFO] CodeEngine:279 - Generated code: C:\Users\senin\Desktop\geoscan\stm32cube\motor\MXTmpFiles\gpio.tmp
2023-07-14 16:17:06,256 [INFO] CodeEngine:255 - oldGeneratedFile, C:\Users\senin\Desktop\geoscan\stm32cube\motor\Core\Src\stm32f4xx_it.c_save
2023-07-14 16:17:06,497 [INFO] CodeEngine:279 - Generated code: C:\Users\senin\Desktop\geoscan\stm32cube\motor\Core\Src\stm32f4xx_it.c
2023-07-14 16:17:06,517 [INFO] CodeEngine:255 - oldGeneratedFile, C:\Users\senin\Desktop\geoscan\stm32cube\motor\Core\Inc\stm32f4xx_it.h_save
2023-07-14 16:17:06,647 [INFO] CodeEngine:279 - Generated code: C:\Users\senin\Desktop\geoscan\stm32cube\motor\Core\Inc\stm32f4xx_it.h
2023-07-14 16:17:06,746 [INFO] CodeEngine:255 - oldGeneratedFile, C:\Users\senin\Desktop\geoscan\stm32cube\motor\Core\Src\stm32f4xx_hal_msp.c_save
2023-07-14 16:17:06,950 [INFO] CodeEngine:279 - Generated code: C:\Users\senin\Desktop\geoscan\stm32cube\motor\Core\Src\stm32f4xx_hal_msp.c
2023-07-14 16:17:06,981 [INFO] CodeEngine:255 - oldGeneratedFile, C:\Users\senin\Desktop\geoscan\stm32cube\motor\MXTmpFiles\system.tmp_save
2023-07-14 16:17:07,060 [INFO] CodeEngine:279 - Generated code: C:\Users\senin\Desktop\geoscan\stm32cube\motor\MXTmpFiles\system.tmp
2023-07-14 16:17:07,110 [INFO] CodeEngine:311 - oldGeneratedFile, C:\Users\senin\Desktop\geoscan\stm32cube\motor\Core\Inc\stm32f4xx_hal_conf.h_save
2023-07-14 16:17:07,281 [INFO] CodeEngine:335 - Generated code: C:\Users\senin\Desktop\geoscan\stm32cube\motor\Core\Inc\stm32f4xx_hal_conf.h
2023-07-14 16:17:07,328 [WARN] IPConfigManager:3431 - IP not found : TIM
2023-07-14 16:17:07,339 [WARN] CodeGenerator:3754 - IP not found : null
2023-07-14 16:17:07,360 [INFO] CodeEngine:255 - oldGeneratedFile, C:\Users\senin\Desktop\geoscan\stm32cube\motor\Core\Inc\main.h_save
2023-07-14 16:17:07,486 [INFO] CodeEngine:279 - Generated code: C:\Users\senin\Desktop\geoscan\stm32cube\motor\Core\Inc\main.h
2023-07-14 16:17:07,517 [INFO] CodeEngine:255 - oldGeneratedFile, C:\Users\senin\Desktop\geoscan\stm32cube\motor\Core\Src\main.c_save
2023-07-14 16:17:07,738 [INFO] CodeEngine:279 - Generated code: C:\Users\senin\Desktop\geoscan\stm32cube\motor\Core\Src\main.c
2023-07-14 16:17:08,664 [INFO] ProjectBuilder:2996 - Time for Copy HAL[1] : 189mS.
2023-07-14 16:17:08,680 [INFO] ProjectBuilder:4304 - Project Generator version: 3.19.2
2023-07-14 16:17:09,057 [INFO] ConfigFileManager:1483 - The Die is : DIE431
2023-07-14 16:17:09,073 [INFO] ApiDbMcu:507 - Load IP Config File for FATFS
2023-07-14 16:17:09,099 [INFO] ApiDbMcu:507 - Load IP Config File for FREERTOS
2023-07-14 16:17:09,105 [INFO] ApiDbMcu:507 - Load IP Config File for LIBJPEG
2023-07-14 16:17:09,121 [INFO] ApiDbMcu:507 - Load IP Config File for MBEDTLS
2023-07-14 16:17:09,136 [INFO] ApiDbMcu:507 - Load IP Config File for USB_DEVICE
2023-07-14 16:17:09,152 [INFO] ApiDbMcu:507 - Load IP Config File for USB_HOST
2023-07-14 16:17:10,518 [INFO] LogOutputStream:77 - [STDOUT_REDIRECT] 
2023-07-14 16:17:12,420 [INFO] ProjectBuilder:4505 - Time for Generating toolchain IDE Files: 3740mS.
2023-07-14 16:17:12,420 [INFO] ProjectBuilder:2867 - Time for Copy CMSIS : 0mS.
2023-07-14 16:17:12,420 [INFO] ProjectBuilder:2867 - Time for Copy CMSIS : 0mS.
2023-07-14 16:33:56,922 [INFO] UtilMem:75 - End SaveConfig() Used Memory: 579796160 Bytes (907018240)
2023-07-14 16:33:57,155 [INFO] BlockDiagram:2759 - set Specific Code input for plugin: NVIC
2023-07-14 16:33:57,155 [INFO] BlockDiagram:2759 - set Specific Code input for plugin: TIM1_8
2023-07-14 16:33:57,155 [INFO] BlockDiagram:2759 - set Specific Code input for plugin: TIM1_8
2023-07-14 16:33:57,155 [INFO] BlockDiagram:2759 - set Specific Code input for plugin: GPIO
2023-07-14 16:33:57,155 [INFO] BlockDiagram:2759 - set Specific Code input for plugin: RCC
2023-07-14 16:33:57,155 [INFO] BlockDiagram:2759 - set Specific Code input for plugin: I2C
2023-07-14 16:33:57,170 [INFO] CodeGenerator:793 - code generatio: config db path: C:\ST\STM32CubeIDE_1.12.1\STM32CubeIDE\plugins\com.st.stm32cube.common.mx_6.8.1.202304191431\\db\
2023-07-14 16:33:57,170 [WARN] IP:2113 - I2C_Coeff_DF not found: check if there is a RefParameter without a condition.
2023-07-14 16:33:57,170 [WARN] IP:2113 - Analog_Filter not found: check if there is a RefParameter without a condition.
2023-07-14 16:33:57,304 [INFO] CodeEngine:255 - oldGeneratedFile, C:\Users\senin\Desktop\geoscan\stm32cube\motor\MXTmpFiles\license.tmp_save
2023-07-14 16:33:57,439 [INFO] CodeEngine:279 - Generated code: C:\Users\senin\Desktop\geoscan\stm32cube\motor\MXTmpFiles\license.tmp
2023-07-14 16:33:57,461 [INFO] CodeEngine:255 - oldGeneratedFile, C:\Users\senin\Desktop\geoscan\stm32cube\motor\MXTmpFiles\gpio.tmp_save
2023-07-14 16:33:57,606 [INFO] CodeEngine:279 - Generated code: C:\Users\senin\Desktop\geoscan\stm32cube\motor\MXTmpFiles\gpio.tmp
2023-07-14 16:33:57,824 [INFO] CodeEngine:255 - oldGeneratedFile, C:\Users\senin\Desktop\geoscan\stm32cube\motor\Core\Src\stm32f4xx_it.c_save
2023-07-14 16:33:58,060 [INFO] CodeEngine:279 - Generated code: C:\Users\senin\Desktop\geoscan\stm32cube\motor\Core\Src\stm32f4xx_it.c
2023-07-14 16:33:58,060 [INFO] CodeEngine:255 - oldGeneratedFile, C:\Users\senin\Desktop\geoscan\stm32cube\motor\Core\Inc\stm32f4xx_it.h_save
2023-07-14 16:33:58,138 [INFO] CodeEngine:279 - Generated code: C:\Users\senin\Desktop\geoscan\stm32cube\motor\Core\Inc\stm32f4xx_it.h
2023-07-14 16:33:58,169 [INFO] CodeEngine:255 - oldGeneratedFile, C:\Users\senin\Desktop\geoscan\stm32cube\motor\Core\Src\stm32f4xx_hal_msp.c_save
2023-07-14 16:33:58,326 [INFO] CodeEngine:279 - Generated code: C:\Users\senin\Desktop\geoscan\stm32cube\motor\Core\Src\stm32f4xx_hal_msp.c
2023-07-14 16:33:58,351 [INFO] CodeEngine:255 - oldGeneratedFile, C:\Users\senin\Desktop\geoscan\stm32cube\motor\MXTmpFiles\system.tmp_save
2023-07-14 16:33:58,468 [INFO] CodeEngine:279 - Generated code: C:\Users\senin\Desktop\geoscan\stm32cube\motor\MXTmpFiles\system.tmp
2023-07-14 16:33:58,484 [INFO] CodeEngine:311 - oldGeneratedFile, C:\Users\senin\Desktop\geoscan\stm32cube\motor\Core\Inc\stm32f4xx_hal_conf.h_save
2023-07-14 16:33:58,594 [INFO] CodeEngine:335 - Generated code: C:\Users\senin\Desktop\geoscan\stm32cube\motor\Core\Inc\stm32f4xx_hal_conf.h
2023-07-14 16:33:58,625 [WARN] IPConfigManager:3431 - IP not found : TIM
2023-07-14 16:33:58,625 [WARN] CodeGenerator:3754 - IP not found : null
2023-07-14 16:33:58,641 [INFO] CodeEngine:255 - oldGeneratedFile, C:\Users\senin\Desktop\geoscan\stm32cube\motor\Core\Inc\main.h_save
2023-07-14 16:33:58,817 [INFO] CodeEngine:279 - Generated code: C:\Users\senin\Desktop\geoscan\stm32cube\motor\Core\Inc\main.h
2023-07-14 16:33:58,832 [INFO] CodeEngine:255 - oldGeneratedFile, C:\Users\senin\Desktop\geoscan\stm32cube\motor\Core\Src\main.c_save
2023-07-14 16:33:59,002 [INFO] CodeEngine:279 - Generated code: C:\Users\senin\Desktop\geoscan\stm32cube\motor\Core\Src\main.c
2023-07-14 16:33:59,634 [INFO] ProjectBuilder:2996 - Time for Copy HAL[1] : 144mS.
2023-07-14 16:33:59,637 [INFO] ProjectBuilder:4304 - Project Generator version: 3.19.2
2023-07-14 16:33:59,961 [INFO] ConfigFileManager:1483 - The Die is : DIE431
2023-07-14 16:34:01,564 [INFO] ProjectBuilder:4505 - Time for Generating toolchain IDE Files: 1927mS.
2023-07-14 16:34:01,564 [INFO] ProjectBuilder:2867 - Time for Copy CMSIS : 0mS.
2023-07-14 16:34:01,564 [INFO] ProjectBuilder:2867 - Time for Copy CMSIS : 0mS.
2023-07-14 16:36:01,560 [INFO] NvicIntPanel:101 - NVIC parent = com.st.microxplorer.plugins.ip.nvic.MultiNvicIntPanel[,0,0,0x0,invalid,layout=javax.swing.BoxLayout,alignmentX=0.0,alignmentY=0.0,border=,flags=9,maximumSize=,minimumSize=,preferredSize=]
2023-07-14 16:36:34,523 [INFO] UtilMem:75 - End SaveConfig() Used Memory: 730788336 Bytes (950009856)
2023-07-14 16:36:38,028 [INFO] UtilMem:75 - End SaveConfig() Used Memory: 751759856 Bytes (950009856)
2023-07-14 16:36:38,169 [INFO] UtilMem:75 - End SaveConfig() Used Memory: 568576160 Bytes (950009856)
2023-07-14 16:36:38,405 [INFO] BlockDiagram:2759 - set Specific Code input for plugin: NVIC
2023-07-14 16:36:38,405 [INFO] BlockDiagram:2759 - set Specific Code input for plugin: TIM1_8
2023-07-14 16:36:38,405 [INFO] BlockDiagram:2759 - set Specific Code input for plugin: TIM1_8
2023-07-14 16:36:38,405 [INFO] BlockDiagram:2759 - set Specific Code input for plugin: GPIO
2023-07-14 16:36:38,405 [INFO] BlockDiagram:2759 - set Specific Code input for plugin: RCC
2023-07-14 16:36:38,405 [INFO] BlockDiagram:2759 - set Specific Code input for plugin: I2C
2023-07-14 16:36:38,405 [INFO] CodeGenerator:793 - code generatio: config db path: C:\ST\STM32CubeIDE_1.12.1\STM32CubeIDE\plugins\com.st.stm32cube.common.mx_6.8.1.202304191431\\db\
2023-07-14 16:36:38,405 [WARN] IP:2113 - I2C_Coeff_DF not found: check if there is a RefParameter without a condition.
2023-07-14 16:36:38,405 [WARN] IP:2113 - Analog_Filter not found: check if there is a RefParameter without a condition.
2023-07-14 16:36:38,578 [INFO] CodeEngine:255 - oldGeneratedFile, C:\Users\senin\Desktop\geoscan\stm32cube\motor\MXTmpFiles\license.tmp_save
2023-07-14 16:36:38,719 [INFO] CodeEngine:279 - Generated code: C:\Users\senin\Desktop\geoscan\stm32cube\motor\MXTmpFiles\license.tmp
2023-07-14 16:36:38,734 [INFO] CodeEngine:255 - oldGeneratedFile, C:\Users\senin\Desktop\geoscan\stm32cube\motor\MXTmpFiles\gpio.tmp_save
2023-07-14 16:36:38,829 [INFO] CodeEngine:279 - Generated code: C:\Users\senin\Desktop\geoscan\stm32cube\motor\MXTmpFiles\gpio.tmp
2023-07-14 16:36:38,907 [INFO] CodeEngine:255 - oldGeneratedFile, C:\Users\senin\Desktop\geoscan\stm32cube\motor\Core\Src\stm32f4xx_it.c_save
2023-07-14 16:36:38,986 [INFO] CodeEngine:279 - Generated code: C:\Users\senin\Desktop\geoscan\stm32cube\motor\Core\Src\stm32f4xx_it.c
2023-07-14 16:36:38,986 [INFO] CodeEngine:255 - oldGeneratedFile, C:\Users\senin\Desktop\geoscan\stm32cube\motor\Core\Inc\stm32f4xx_it.h_save
2023-07-14 16:36:39,080 [INFO] CodeEngine:279 - Generated code: C:\Users\senin\Desktop\geoscan\stm32cube\motor\Core\Inc\stm32f4xx_it.h
2023-07-14 16:36:39,113 [INFO] CodeEngine:255 - oldGeneratedFile, C:\Users\senin\Desktop\geoscan\stm32cube\motor\Core\Src\stm32f4xx_hal_msp.c_save
2023-07-14 16:36:39,175 [INFO] CodeEngine:279 - Generated code: C:\Users\senin\Desktop\geoscan\stm32cube\motor\Core\Src\stm32f4xx_hal_msp.c
2023-07-14 16:36:39,190 [INFO] CodeEngine:255 - oldGeneratedFile, C:\Users\senin\Desktop\geoscan\stm32cube\motor\MXTmpFiles\system.tmp_save
2023-07-14 16:36:39,269 [INFO] CodeEngine:279 - Generated code: C:\Users\senin\Desktop\geoscan\stm32cube\motor\MXTmpFiles\system.tmp
2023-07-14 16:36:39,284 [INFO] CodeEngine:311 - oldGeneratedFile, C:\Users\senin\Desktop\geoscan\stm32cube\motor\Core\Inc\stm32f4xx_hal_conf.h_save
2023-07-14 16:36:39,348 [INFO] CodeEngine:335 - Generated code: C:\Users\senin\Desktop\geoscan\stm32cube\motor\Core\Inc\stm32f4xx_hal_conf.h
2023-07-14 16:36:39,364 [WARN] IPConfigManager:3431 - IP not found : TIM
2023-07-14 16:36:39,364 [WARN] CodeGenerator:3754 - IP not found : null
2023-07-14 16:36:39,379 [INFO] CodeEngine:255 - oldGeneratedFile, C:\Users\senin\Desktop\geoscan\stm32cube\motor\Core\Inc\main.h_save
2023-07-14 16:36:39,427 [INFO] CodeEngine:279 - Generated code: C:\Users\senin\Desktop\geoscan\stm32cube\motor\Core\Inc\main.h
2023-07-14 16:36:39,442 [INFO] CodeEngine:255 - oldGeneratedFile, C:\Users\senin\Desktop\geoscan\stm32cube\motor\Core\Src\main.c_save
2023-07-14 16:36:39,552 [INFO] CodeEngine:279 - Generated code: C:\Users\senin\Desktop\geoscan\stm32cube\motor\Core\Src\main.c
2023-07-14 16:36:40,133 [INFO] ProjectBuilder:2996 - Time for Copy HAL[1] : 125mS.
2023-07-14 16:36:40,133 [INFO] ProjectBuilder:4304 - Project Generator version: 3.19.2
2023-07-14 16:36:40,416 [INFO] ConfigFileManager:1483 - The Die is : DIE431
2023-07-14 16:36:41,720 [INFO] ProjectBuilder:4505 - Time for Generating toolchain IDE Files: 1587mS.
2023-07-14 16:36:41,720 [INFO] ProjectBuilder:2867 - Time for Copy CMSIS : 0mS.
2023-07-14 16:36:41,720 [INFO] ProjectBuilder:2867 - Time for Copy CMSIS : 0mS.
2023-07-14 16:38:18,606 [INFO] UtilMem:75 - End SaveConfig() Used Memory: 744322224 Bytes (985661440)
2023-07-14 16:38:18,889 [INFO] BlockDiagram:2759 - set Specific Code input for plugin: NVIC
2023-07-14 16:38:18,889 [INFO] BlockDiagram:2759 - set Specific Code input for plugin: TIM1_8
2023-07-14 16:38:18,889 [INFO] BlockDiagram:2759 - set Specific Code input for plugin: TIM1_8
2023-07-14 16:38:18,889 [INFO] BlockDiagram:2759 - set Specific Code input for plugin: GPIO
2023-07-14 16:38:18,889 [INFO] BlockDiagram:2759 - set Specific Code input for plugin: RCC
2023-07-14 16:38:18,889 [INFO] BlockDiagram:2759 - set Specific Code input for plugin: I2C
2023-07-14 16:38:18,904 [INFO] CodeGenerator:793 - code generatio: config db path: C:\ST\STM32CubeIDE_1.12.1\STM32CubeIDE\plugins\com.st.stm32cube.common.mx_6.8.1.202304191431\\db\
2023-07-14 16:38:18,904 [WARN] IP:2113 - I2C_Coeff_DF not found: check if there is a RefParameter without a condition.
2023-07-14 16:38:18,904 [WARN] IP:2113 - Analog_Filter not found: check if there is a RefParameter without a condition.
2023-07-14 16:38:19,077 [INFO] CodeEngine:255 - oldGeneratedFile, C:\Users\senin\Desktop\geoscan\stm32cube\motor\MXTmpFiles\license.tmp_save
2023-07-14 16:38:19,203 [INFO] CodeEngine:279 - Generated code: C:\Users\senin\Desktop\geoscan\stm32cube\motor\MXTmpFiles\license.tmp
2023-07-14 16:38:19,219 [INFO] CodeEngine:255 - oldGeneratedFile, C:\Users\senin\Desktop\geoscan\stm32cube\motor\MXTmpFiles\gpio.tmp_save
2023-07-14 16:38:19,313 [INFO] CodeEngine:279 - Generated code: C:\Users\senin\Desktop\geoscan\stm32cube\motor\MXTmpFiles\gpio.tmp
2023-07-14 16:38:19,446 [INFO] CodeEngine:255 - oldGeneratedFile, C:\Users\senin\Desktop\geoscan\stm32cube\motor\Core\Src\stm32f4xx_it.c_save
2023-07-14 16:38:19,517 [INFO] CodeEngine:279 - Generated code: C:\Users\senin\Desktop\geoscan\stm32cube\motor\Core\Src\stm32f4xx_it.c
2023-07-14 16:38:19,517 [INFO] CodeEngine:255 - oldGeneratedFile, C:\Users\senin\Desktop\geoscan\stm32cube\motor\Core\Inc\stm32f4xx_it.h_save
2023-07-14 16:38:19,564 [INFO] CodeEngine:279 - Generated code: C:\Users\senin\Desktop\geoscan\stm32cube\motor\Core\Inc\stm32f4xx_it.h
2023-07-14 16:38:19,580 [INFO] CodeEngine:255 - oldGeneratedFile, C:\Users\senin\Desktop\geoscan\stm32cube\motor\Core\Src\stm32f4xx_hal_msp.c_save
2023-07-14 16:38:19,647 [INFO] CodeEngine:279 - Generated code: C:\Users\senin\Desktop\geoscan\stm32cube\motor\Core\Src\stm32f4xx_hal_msp.c
2023-07-14 16:38:19,647 [INFO] CodeEngine:255 - oldGeneratedFile, C:\Users\senin\Desktop\geoscan\stm32cube\motor\MXTmpFiles\system.tmp_save
2023-07-14 16:38:19,691 [INFO] CodeEngine:279 - Generated code: C:\Users\senin\Desktop\geoscan\stm32cube\motor\MXTmpFiles\system.tmp
2023-07-14 16:38:19,706 [INFO] CodeEngine:311 - oldGeneratedFile, C:\Users\senin\Desktop\geoscan\stm32cube\motor\Core\Inc\stm32f4xx_hal_conf.h_save
2023-07-14 16:38:19,785 [INFO] CodeEngine:335 - Generated code: C:\Users\senin\Desktop\geoscan\stm32cube\motor\Core\Inc\stm32f4xx_hal_conf.h
2023-07-14 16:38:19,801 [WARN] IPConfigManager:3431 - IP not found : TIM
2023-07-14 16:38:19,801 [WARN] CodeGenerator:3754 - IP not found : null
2023-07-14 16:38:19,816 [INFO] CodeEngine:255 - oldGeneratedFile, C:\Users\senin\Desktop\geoscan\stm32cube\motor\Core\Inc\main.h_save
2023-07-14 16:38:19,879 [INFO] CodeEngine:279 - Generated code: C:\Users\senin\Desktop\geoscan\stm32cube\motor\Core\Inc\main.h
2023-07-14 16:38:19,879 [INFO] CodeEngine:255 - oldGeneratedFile, C:\Users\senin\Desktop\geoscan\stm32cube\motor\Core\Src\main.c_save
2023-07-14 16:38:19,978 [INFO] CodeEngine:279 - Generated code: C:\Users\senin\Desktop\geoscan\stm32cube\motor\Core\Src\main.c
2023-07-14 16:38:20,602 [INFO] ProjectBuilder:2996 - Time for Copy HAL[1] : 123mS.
2023-07-14 16:38:20,602 [INFO] ProjectBuilder:4304 - Project Generator version: 3.19.2
2023-07-14 16:38:20,900 [INFO] ConfigFileManager:1483 - The Die is : DIE431
2023-07-14 16:38:22,063 [INFO] ProjectBuilder:4505 - Time for Generating toolchain IDE Files: 1461mS.
2023-07-14 16:38:22,079 [INFO] ProjectBuilder:2867 - Time for Copy CMSIS : 16mS.
2023-07-14 16:38:22,082 [INFO] ProjectBuilder:2867 - Time for Copy CMSIS : 0mS.
2023-07-14 16:53:10,474 [INFO] NvicIntPanel:101 - NVIC parent = com.st.microxplorer.plugins.ip.nvic.MultiNvicIntPanel[,0,0,0x0,invalid,layout=javax.swing.BoxLayout,alignmentX=0.0,alignmentY=0.0,border=,flags=9,maximumSize=,minimumSize=,preferredSize=]
2023-07-14 16:53:14,485 [INFO] UtilMem:75 - End SaveConfig() Used Memory: 737142264 Bytes (1001390080)
2023-07-14 16:53:15,823 [INFO] UtilMem:75 - End SaveConfig() Used Memory: 761901192 Bytes (1001390080)
2023-07-14 16:53:18,855 [INFO] UtilMem:75 - End SaveConfig() Used Memory: 790845688 Bytes (1001390080)
2023-07-14 16:53:19,112 [INFO] BlockDiagram:2759 - set Specific Code input for plugin: NVIC
2023-07-14 16:53:19,112 [INFO] BlockDiagram:2759 - set Specific Code input for plugin: TIM1_8
2023-07-14 16:53:19,112 [INFO] BlockDiagram:2759 - set Specific Code input for plugin: TIM1_8
2023-07-14 16:53:19,112 [INFO] BlockDiagram:2759 - set Specific Code input for plugin: GPIO
2023-07-14 16:53:19,112 [INFO] BlockDiagram:2759 - set Specific Code input for plugin: RCC
2023-07-14 16:53:19,112 [INFO] BlockDiagram:2759 - set Specific Code input for plugin: I2C
2023-07-14 16:53:19,112 [INFO] CodeGenerator:793 - code generatio: config db path: C:\ST\STM32CubeIDE_1.12.1\STM32CubeIDE\plugins\com.st.stm32cube.common.mx_6.8.1.202304191431\\db\
2023-07-14 16:53:19,112 [WARN] IP:2113 - I2C_Coeff_DF not found: check if there is a RefParameter without a condition.
2023-07-14 16:53:19,112 [WARN] IP:2113 - Analog_Filter not found: check if there is a RefParameter without a condition.
2023-07-14 16:53:19,334 [INFO] CodeEngine:255 - oldGeneratedFile, C:\Users\senin\Desktop\geoscan\stm32cube\motor\MXTmpFiles\license.tmp_save
2023-07-14 16:53:19,444 [INFO] CodeEngine:279 - Generated code: C:\Users\senin\Desktop\geoscan\stm32cube\motor\MXTmpFiles\license.tmp
2023-07-14 16:53:19,460 [INFO] CodeEngine:255 - oldGeneratedFile, C:\Users\senin\Desktop\geoscan\stm32cube\motor\MXTmpFiles\gpio.tmp_save
2023-07-14 16:53:19,586 [INFO] CodeEngine:279 - Generated code: C:\Users\senin\Desktop\geoscan\stm32cube\motor\MXTmpFiles\gpio.tmp
2023-07-14 16:53:19,642 [INFO] CodeEngine:255 - oldGeneratedFile, C:\Users\senin\Desktop\geoscan\stm32cube\motor\Core\Src\stm32f4xx_it.c_save
2023-07-14 16:53:19,835 [INFO] CodeEngine:279 - Generated code: C:\Users\senin\Desktop\geoscan\stm32cube\motor\Core\Src\stm32f4xx_it.c
2023-07-14 16:53:19,835 [INFO] CodeEngine:255 - oldGeneratedFile, C:\Users\senin\Desktop\geoscan\stm32cube\motor\Core\Inc\stm32f4xx_it.h_save
2023-07-14 16:53:19,880 [INFO] CodeEngine:279 - Generated code: C:\Users\senin\Desktop\geoscan\stm32cube\motor\Core\Inc\stm32f4xx_it.h
2023-07-14 16:53:19,896 [INFO] CodeEngine:255 - oldGeneratedFile, C:\Users\senin\Desktop\geoscan\stm32cube\motor\Core\Src\stm32f4xx_hal_msp.c_save
2023-07-14 16:53:19,990 [INFO] CodeEngine:279 - Generated code: C:\Users\senin\Desktop\geoscan\stm32cube\motor\Core\Src\stm32f4xx_hal_msp.c
2023-07-14 16:53:19,990 [INFO] CodeEngine:255 - oldGeneratedFile, C:\Users\senin\Desktop\geoscan\stm32cube\motor\MXTmpFiles\system.tmp_save
2023-07-14 16:53:20,041 [INFO] CodeEngine:279 - Generated code: C:\Users\senin\Desktop\geoscan\stm32cube\motor\MXTmpFiles\system.tmp
2023-07-14 16:53:20,063 [INFO] CodeEngine:311 - oldGeneratedFile, C:\Users\senin\Desktop\geoscan\stm32cube\motor\Core\Inc\stm32f4xx_hal_conf.h_save
2023-07-14 16:53:20,134 [INFO] CodeEngine:335 - Generated code: C:\Users\senin\Desktop\geoscan\stm32cube\motor\Core\Inc\stm32f4xx_hal_conf.h
2023-07-14 16:53:20,148 [WARN] IPConfigManager:3431 - IP not found : TIM
2023-07-14 16:53:20,148 [WARN] CodeGenerator:3754 - IP not found : null
2023-07-14 16:53:20,164 [INFO] CodeEngine:255 - oldGeneratedFile, C:\Users\senin\Desktop\geoscan\stm32cube\motor\Core\Inc\main.h_save
2023-07-14 16:53:20,225 [INFO] CodeEngine:279 - Generated code: C:\Users\senin\Desktop\geoscan\stm32cube\motor\Core\Inc\main.h
2023-07-14 16:53:20,228 [INFO] CodeEngine:255 - oldGeneratedFile, C:\Users\senin\Desktop\geoscan\stm32cube\motor\Core\Src\main.c_save
2023-07-14 16:53:20,367 [INFO] CodeEngine:279 - Generated code: C:\Users\senin\Desktop\geoscan\stm32cube\motor\Core\Src\main.c
2023-07-14 16:53:20,986 [INFO] ProjectBuilder:2996 - Time for Copy HAL[1] : 106mS.
2023-07-14 16:53:20,987 [INFO] ProjectBuilder:4304 - Project Generator version: 3.19.2
2023-07-14 16:53:21,132 [INFO] ConfigFileManager:1483 - The Die is : DIE431
2023-07-14 16:53:22,438 [INFO] ProjectBuilder:4505 - Time for Generating toolchain IDE Files: 1451mS.
2023-07-14 16:53:22,438 [INFO] ProjectBuilder:2867 - Time for Copy CMSIS : 0mS.
2023-07-14 16:53:22,445 [INFO] ProjectBuilder:2867 - Time for Copy CMSIS : 0mS.
2023-07-14 17:47:25,614 [INFO] MainUpdater:2854 - connection check result : 10
2023-07-14 17:47:25,614 [INFO] MainUpdater:2854 - connection check result : 10
2023-07-14 17:47:25,677 [INFO] MicroXplorer:468 - Change Database Path : 
2023-07-14 17:47:25,677 [INFO] MicroXplorer:498 - Change Database Version : DB.6.0.81
2023-07-14 17:47:25,693 [WARN] ThirdParty:871 - waiting for thirdparty lock release [close project]
2023-07-14 17:47:25,693 [INFO] ThirdParty:873 - entering critical section [close project]
2023-07-14 17:47:25,693 [INFO] ThirdParty:883 - exiting critical section [close project]
2023-07-14 17:47:25,693 [INFO] PinOutPanel:1499 - setPackage(No Configuration,No Configuration)
2023-07-14 17:47:25,693 [WARN] IpParametersView:150 - Warning: This peripheral hasn't parameters
2023-07-14 17:47:25,708 [WARN] MainPanel:257 - <html><b><center>Warning: This peripheral has no parameters to be configured<br></b></html>
2023-07-14 17:47:25,708 [INFO] UtilMem:75 - Begin LoadConfig() Used Memory: 817249856 Bytes (1008730112)
2023-07-14 17:47:25,708 [INFO] MicroXplorer:468 - Change Database Path : 
2023-07-14 17:47:25,708 [INFO] MicroXplorer:498 - Change Database Version : DB.6.0.81
2023-07-14 17:47:25,708 [INFO] OpenFileManager:308 - Change cursor
2023-07-14 17:47:25,724 [INFO] RulesReader:64 - Compatibility file has been processed (293 Rules)
2023-07-14 17:47:25,736 [INFO] Mcu:1937 - Initializing MCU STM32F411C(C-E)Ux STM32F411CEUx STM32F411CEU6
2023-07-14 17:47:26,447 [INFO] Context:659 - Trying to add GPIOservice into a context  which must be forbidden
2023-07-14 17:47:26,824 [INFO] RtosManager:555 - Registered RTOS mode: class=CMSIS, group=RTOS, mode=CMSIS_V1, owner=FREERTOS
2023-07-14 17:47:26,824 [INFO] RtosManager:555 - Registered RTOS mode: class=CMSIS, group=RTOS2, mode=CMSIS_V2, owner=FREERTOS
2023-07-14 17:47:26,824 [INFO] RtosManager:555 - Registered RTOS mode: class=RTOS, group=Core, mode=CMSIS_V1, owner=FREERTOS
2023-07-14 17:47:26,824 [INFO] RtosManager:555 - Registered RTOS mode: class=RTOS, group=Core, mode=CMSIS_V2, owner=FREERTOS
2023-07-14 17:47:26,824 [WARN] ModelIntegratedComponent:184 - Missing modes for component STMicroelectronics:FreeRTOS:0.0.1:STMicroelectronics:RTOS:FreeRTOS:Core:::10.2.0:
2023-07-14 17:47:26,824 [WARN] ModelIntegratedComponent:182 - Modes not found for component STMicroelectronics:USB_HOST:1.0.0:STMicroelectronics:USB::USB Host:Audio HS::1.0:USB_HOST_1_0_RESTRICTED_HS
2023-07-14 17:47:26,824 [WARN] ModelIntegratedComponent:188 - Modes not found for component STMicroelectronics:USB_HOST:1.0.0:STMicroelectronics:USB::USB Host:Audio HS::1.0:USB_HOST_1_0_RESTRICTED_HS
2023-07-14 17:47:26,824 [WARN] ModelIntegratedComponent:182 - Modes not found for component STMicroelectronics:USB_HOST:1.0.0:STMicroelectronics:USB::USB Host:CDC HS::1.0:USB_HOST_1_0_RESTRICTED_HS
2023-07-14 17:47:26,824 [WARN] ModelIntegratedComponent:188 - Modes not found for component STMicroelectronics:USB_HOST:1.0.0:STMicroelectronics:USB::USB Host:CDC HS::1.0:USB_HOST_1_0_RESTRICTED_HS
2023-07-14 17:47:26,824 [WARN] ModelIntegratedComponent:182 - Modes not found for component STMicroelectronics:USB_HOST:1.0.0:STMicroelectronics:USB::USB Host:MSC HS::1.0:USB_HOST_1_0_RESTRICTED_HS
2023-07-14 17:47:26,824 [WARN] ModelIntegratedComponent:188 - Modes not found for component STMicroelectronics:USB_HOST:1.0.0:STMicroelectronics:USB::USB Host:MSC HS::1.0:USB_HOST_1_0_RESTRICTED_HS
2023-07-14 17:47:26,824 [WARN] ModelIntegratedComponent:182 - Modes not found for component STMicroelectronics:USB_HOST:1.0.0:STMicroelectronics:USB::USB Host:HID HS::1.0:USB_HOST_1_0_RESTRICTED_HS
2023-07-14 17:47:26,824 [WARN] ModelIntegratedComponent:188 - Modes not found for component STMicroelectronics:USB_HOST:1.0.0:STMicroelectronics:USB::USB Host:HID HS::1.0:USB_HOST_1_0_RESTRICTED_HS
2023-07-14 17:47:26,824 [WARN] ModelIntegratedComponent:182 - Modes not found for component STMicroelectronics:USB_HOST:1.0.0:STMicroelectronics:USB::USB Host:MTP HS::1.0:USB_HOST_1_0_RESTRICTED_HS
2023-07-14 17:47:26,824 [WARN] ModelIntegratedComponent:188 - Modes not found for component STMicroelectronics:USB_HOST:1.0.0:STMicroelectronics:USB::USB Host:MTP HS::1.0:USB_HOST_1_0_RESTRICTED_HS
2023-07-14 17:47:26,840 [WARN] ModelIntegratedComponent:63 - No mode defined for component null
2023-07-14 17:47:26,840 [WARN] ModelIntegratedComponent:63 - No mode defined for component null
2023-07-14 17:47:26,840 [WARN] ModelIntegratedComponent:63 - No mode defined for component null
2023-07-14 17:47:26,840 [WARN] ModelIntegratedComponent:63 - No mode defined for component null
2023-07-14 17:47:26,840 [WARN] ModelIntegratedComponent:63 - No mode defined for component null
2023-07-14 17:47:26,840 [WARN] ModelIntegratedComponent:63 - No mode defined for component null
2023-07-14 17:47:26,840 [WARN] ModelIntegratedComponent:63 - No mode defined for component null
2023-07-14 17:47:26,840 [WARN] ModelIntegratedComponent:63 - No mode defined for component null
2023-07-14 17:47:26,840 [WARN] ModelIntegratedComponent:63 - No mode defined for component null
2023-07-14 17:47:26,840 [WARN] ModelIntegratedComponent:63 - No mode defined for component null
2023-07-14 17:47:26,840 [WARN] ModelIntegratedComponent:63 - No mode defined for component null
2023-07-14 17:47:26,840 [WARN] ModelIntegratedComponent:63 - No mode defined for component null
2023-07-14 17:47:26,840 [WARN] ModelIntegratedComponent:63 - No mode defined for component null
2023-07-14 17:47:26,840 [WARN] ModelIntegratedComponent:63 - No mode defined for component null
2023-07-14 17:47:26,840 [WARN] ModelIntegratedComponent:63 - No mode defined for component null
2023-07-14 17:47:26,840 [WARN] ModelIntegratedComponent:63 - No mode defined for component null
2023-07-14 17:47:26,840 [WARN] ModelIntegratedComponent:63 - No mode defined for component null
2023-07-14 17:47:26,840 [WARN] ModelIntegratedComponent:63 - No mode defined for component null
2023-07-14 17:47:26,840 [WARN] ModelIntegratedComponent:63 - No mode defined for component null
2023-07-14 17:47:26,840 [WARN] ModelIntegratedComponent:63 - No mode defined for component null
2023-07-14 17:47:26,840 [WARN] ModelIntegratedComponent:63 - No mode defined for component null
2023-07-14 17:47:26,840 [WARN] ModelIntegratedComponent:63 - No mode defined for component null
2023-07-14 17:47:26,840 [WARN] ModelIntegratedComponent:63 - No mode defined for component null
2023-07-14 17:47:26,840 [WARN] ModelIntegratedComponent:63 - No mode defined for component null
2023-07-14 17:47:26,840 [WARN] ModelIntegratedComponent:63 - No mode defined for component null
2023-07-14 17:47:26,840 [WARN] ModelIntegratedComponent:63 - No mode defined for component null
2023-07-14 17:47:26,840 [WARN] ModelIntegratedComponent:63 - No mode defined for component null
2023-07-14 17:47:26,840 [WARN] ModelIntegratedComponent:63 - No mode defined for component null
2023-07-14 17:47:26,840 [WARN] ModelIntegratedComponent:63 - No mode defined for component null
2023-07-14 17:47:26,840 [WARN] ModelIntegratedComponent:63 - No mode defined for component null
2023-07-14 17:47:26,840 [WARN] ModelIntegratedComponent:63 - No mode defined for component null
2023-07-14 17:47:26,840 [WARN] ModelIntegratedComponent:63 - No mode defined for component null
2023-07-14 17:47:26,840 [WARN] ModelIntegratedComponent:63 - No mode defined for component null
2023-07-14 17:47:26,840 [WARN] ModelIntegratedComponent:182 - Modes not found for component STMicroelectronics:USB_DEVICE:1.0.0:STMicroelectronics:USB::USB Device:Audio HS::1.0:USB_DEVICE_1_0_RESTRICTED_HS
2023-07-14 17:47:26,840 [WARN] ModelIntegratedComponent:188 - Modes not found for component STMicroelectronics:USB_DEVICE:1.0.0:STMicroelectronics:USB::USB Device:Audio HS::1.0:USB_DEVICE_1_0_RESTRICTED_HS
2023-07-14 17:47:26,840 [WARN] ModelIntegratedComponent:182 - Modes not found for component STMicroelectronics:USB_DEVICE:1.0.0:STMicroelectronics:USB::USB Device:CDC HS::1.0:USB_DEVICE_1_0_RESTRICTED_HS
2023-07-14 17:47:26,840 [WARN] ModelIntegratedComponent:188 - Modes not found for component STMicroelectronics:USB_DEVICE:1.0.0:STMicroelectronics:USB::USB Device:CDC HS::1.0:USB_DEVICE_1_0_RESTRICTED_HS
2023-07-14 17:47:26,840 [WARN] ModelIntegratedComponent:182 - Modes not found for component STMicroelectronics:USB_DEVICE:1.0.0:STMicroelectronics:USB::USB Device:DFU HS::1.0:USB_DEVICE_1_0_RESTRICTED_HS
2023-07-14 17:47:26,840 [WARN] ModelIntegratedComponent:188 - Modes not found for component STMicroelectronics:USB_DEVICE:1.0.0:STMicroelectronics:USB::USB Device:DFU HS::1.0:USB_DEVICE_1_0_RESTRICTED_HS
2023-07-14 17:47:26,840 [WARN] ModelIntegratedComponent:182 - Modes not found for component STMicroelectronics:USB_DEVICE:1.0.0:STMicroelectronics:USB::USB Device:HID HS::1.0:USB_DEVICE_1_0_RESTRICTED_HS
2023-07-14 17:47:26,840 [WARN] ModelIntegratedComponent:188 - Modes not found for component STMicroelectronics:USB_DEVICE:1.0.0:STMicroelectronics:USB::USB Device:HID HS::1.0:USB_DEVICE_1_0_RESTRICTED_HS
2023-07-14 17:47:26,840 [WARN] ModelIntegratedComponent:182 - Modes not found for component STMicroelectronics:USB_DEVICE:1.0.0:STMicroelectronics:USB::USB Device:Custom HID HS::1.0:USB_DEVICE_1_0_RESTRICTED_HS
2023-07-14 17:47:26,840 [WARN] ModelIntegratedComponent:188 - Modes not found for component STMicroelectronics:USB_DEVICE:1.0.0:STMicroelectronics:USB::USB Device:Custom HID HS::1.0:USB_DEVICE_1_0_RESTRICTED_HS
2023-07-14 17:47:26,840 [WARN] ModelIntegratedComponent:182 - Modes not found for component STMicroelectronics:USB_DEVICE:1.0.0:STMicroelectronics:USB::USB Device:MSC HS::1.0:USB_DEVICE_1_0_RESTRICTED_HS
2023-07-14 17:47:26,840 [WARN] ModelIntegratedComponent:188 - Modes not found for component STMicroelectronics:USB_DEVICE:1.0.0:STMicroelectronics:USB::USB Device:MSC HS::1.0:USB_DEVICE_1_0_RESTRICTED_HS
2023-07-14 17:47:26,840 [INFO] ThirdPartyModel:298 - Start build external matchings
2023-07-14 17:47:27,045 [INFO] ThirdPartyModel:316 - End build external matchings
2023-07-14 17:47:27,045 [INFO] ImportTextPane:194 - (OptionalMessage_ERROR) IP (RCC) : Parameter (RTCHSEDivFreq_Value) has invalid value (12500000)
2023-07-14 17:47:27,234 [INFO] UtilMem:75 - End LoadConfig() Used Memory: 812266376 Bytes (1008730112)
2023-07-14 17:47:27,267 [WARN] ThirdParty:833 - waiting for thirdparty lock release [change project]
2023-07-14 17:47:27,267 [INFO] ThirdParty:835 - entering critical section [change project]
2023-07-14 17:47:27,267 [INFO] ThirdParty:1030 - CMSIS Pack Vendor :STMicroelectronics X-CUBE-ISPU 1.1.0
2023-07-14 17:47:27,267 [INFO] ThirdParty:1030 - CMSIS Pack Vendor :STMicroelectronics X-CUBE-GNSS1 6.0.0
2023-07-14 17:47:27,267 [INFO] ThirdParty:1030 - CMSIS Pack Vendor :STMicroelectronics USB_HOST 2.0.0
2023-07-14 17:47:27,267 [INFO] ThirdParty:1030 - CMSIS Pack Vendor :STMicroelectronics X-CUBE-AZRTOS-F4 1.1.0
2023-07-14 17:47:27,267 [INFO] ThirdParty:1030 - CMSIS Pack Vendor :STMicroelectronics LIBJPEG 8.0.0
2023-07-14 17:47:27,267 [INFO] ThirdParty:1030 - CMSIS Pack Vendor :STMicroelectronics X-CUBE-SMBUS 2.1.0
2023-07-14 17:47:27,267 [INFO] ThirdParty:1030 - CMSIS Pack Vendor :wolfSSL I-CUBE-wolfSSL 5.6.0
2023-07-14 17:47:27,267 [INFO] ThirdParty:1030 - CMSIS Pack Vendor :STMicroelectronics USB_DEVICE 3.0.0
2023-07-14 17:47:27,267 [INFO] ThirdParty:1030 - CMSIS Pack Vendor :STMicroelectronics X-CUBE-FREERTOS 1.0.1
2023-07-14 17:47:27,267 [INFO] ThirdParty:1030 - CMSIS Pack Vendor :STMicroelectronics X-CUBE-AZRTOS-F7 1.1.0
2023-07-14 17:47:27,267 [INFO] ThirdParty:1030 - CMSIS Pack Vendor :STMicroelectronics X-CUBE-TOUCHGFX 4.21.4
2023-07-14 17:47:27,267 [INFO] ThirdParty:1030 - CMSIS Pack Vendor :STMicroelectronics USB_DEVICE 2.0.0
2023-07-14 17:47:27,267 [INFO] ThirdParty:1030 - CMSIS Pack Vendor :STMicroelectronics X-CUBE-MEMS1 9.6.0
2023-07-14 17:47:27,267 [INFO] ThirdParty:1030 - CMSIS Pack Vendor :STMicroelectronics FP-SNS-MOTENV1 4.3.2
2023-07-14 17:47:27,267 [INFO] ThirdParty:1030 - CMSIS Pack Vendor :STMicroelectronics FP-SNS-MOTENV1 4.3.1
2023-07-14 17:47:27,267 [INFO] ThirdParty:1030 - CMSIS Pack Vendor :STMicroelectronics FP-SNS-FLIGHT1 5.0.1
2023-07-14 17:47:27,267 [INFO] ThirdParty:1030 - CMSIS Pack Vendor :STMicroelectronics X-CUBE-ALGOBUILD 1.3.0
2023-07-14 17:47:27,267 [INFO] ThirdParty:1030 - CMSIS Pack Vendor :STMicroelectronics X-CUBE-BLE1 6.2.4
2023-07-14 17:47:27,267 [INFO] ThirdParty:1030 - CMSIS Pack Vendor :STMicroelectronics X-CUBE-AZRTOS-L5 1.1.0
2023-07-14 17:47:27,267 [INFO] ThirdParty:1030 - CMSIS Pack Vendor :STMicroelectronics FreeRTOS 0.0.1
2023-07-14 17:47:27,267 [INFO] ThirdParty:1030 - CMSIS Pack Vendor :STMicroelectronics X-CUBE-AZRTOS-G0 1.1.0
2023-07-14 17:47:27,267 [INFO] ThirdParty:1030 - CMSIS Pack Vendor :emotas I-CUBE-CANOPEN 1.1.3
2023-07-14 17:47:27,267 [INFO] ThirdParty:1030 - CMSIS Pack Vendor :STMicroelectronics X-CUBE-BLEMGR 2.0.0
2023-07-14 17:47:27,267 [INFO] ThirdParty:1030 - CMSIS Pack Vendor :STMicroelectronics X-CUBE-AI 8.0.1
2023-07-14 17:47:27,267 [INFO] ThirdParty:1030 - CMSIS Pack Vendor :STMicroelectronics X-CUBE-NFC4 3.0.0
2023-07-14 17:47:27,267 [INFO] ThirdParty:1030 - CMSIS Pack Vendor :STMicroelectronics X-CUBE-SUBG2 5.0.0
2023-07-14 17:47:27,267 [INFO] ThirdParty:1030 - CMSIS Pack Vendor :STMicroelectronics STM32_WPAN 1.0.0
2023-07-14 17:47:27,267 [INFO] ThirdParty:1030 - CMSIS Pack Vendor :STMicroelectronics lwIP 2.0.3
2023-07-14 17:47:27,267 [INFO] ThirdParty:1030 - CMSIS Pack Vendor :STMicroelectronics USB_HOST 1.0.0
2023-07-14 17:47:27,267 [INFO] ThirdParty:1030 - CMSIS Pack Vendor :STMicroelectronics X-CUBE-AZRTOS-G4 2.0.0
2023-07-14 17:47:27,267 [INFO] ThirdParty:1030 - CMSIS Pack Vendor :STMicroelectronics PDM2PCM 3.1.0
2023-07-14 17:47:27,267 [INFO] ThirdParty:1030 - CMSIS Pack Vendor :STMicroelectronics X-CUBE-AZRTOS-H7 3.1.0
2023-07-14 17:47:27,267 [INFO] ThirdParty:1030 - CMSIS Pack Vendor :STMicroelectronics X-CUBE-TOF1 3.3.0
2023-07-14 17:47:27,267 [INFO] ThirdParty:1030 - CMSIS Pack Vendor :STMicroelectronics PDM2PCM 3.3.0
2023-07-14 17:47:27,267 [INFO] ThirdParty:1030 - CMSIS Pack Vendor :STMicroelectronics X-CUBE-DISPLAY 3.0.0
2023-07-14 17:47:27,267 [INFO] ThirdParty:1030 - CMSIS Pack Vendor :STMicroelectronics FP-ATR-SIGFOX1 3.2.0
2023-07-14 17:47:27,267 [INFO] ThirdParty:1030 - CMSIS Pack Vendor :STMicroelectronics HAL Drivers 0.0.0
2023-07-14 17:47:27,267 [INFO] ThirdParty:1030 - CMSIS Pack Vendor :STMicroelectronics MBEDTLS 2.16.2
2023-07-14 17:47:27,267 [INFO] ThirdParty:1030 - CMSIS Pack Vendor :STMicroelectronics X-CUBE-TOUCHGFX 4.22.0
2023-07-14 17:47:27,267 [INFO] ThirdParty:1030 - CMSIS Pack Vendor :STMicroelectronics X-CUBE-NFC7 1.0.1
2023-07-14 17:47:27,267 [INFO] ThirdParty:1030 - CMSIS Pack Vendor :STMicroelectronics MBEDTLS 2.14.1
2023-07-14 17:47:27,267 [INFO] ThirdParty:1030 - CMSIS Pack Vendor :STMicroelectronics X-CUBE-EEPRMA1 4.1.0
2023-07-14 17:47:27,267 [INFO] ThirdParty:1030 - CMSIS Pack Vendor :portGmbH I-Cube-SoM-uGOAL 1.1.0
2023-07-14 17:47:27,267 [INFO] ThirdParty:1030 - CMSIS Pack Vendor :STMicroelectronics X-CUBE-ALS 1.0.1
2023-07-14 17:47:27,267 [INFO] ThirdParty:1030 - CMSIS Pack Vendor :STMicroelectronics ThreadX 1.0.0
2023-07-14 17:47:27,267 [INFO] ThirdParty:1030 - CMSIS Pack Vendor :STMicroelectronics X-CUBE-AZRTOS-WB 1.1.0
2023-07-14 17:47:27,267 [INFO] ThirdParty:1030 - CMSIS Pack Vendor :STMicroelectronics X-CUBE-AZRTOS-WL 2.0.0
2023-07-14 17:47:27,267 [INFO] ThirdParty:1030 - CMSIS Pack Vendor :SEGGER I-CUBE-embOS 1.3.1
2023-07-14 17:47:27,267 [INFO] ThirdParty:1030 - CMSIS Pack Vendor :STMicroelectronics USB_DEVICE 1.0.0
2023-07-14 17:47:27,267 [INFO] ThirdParty:1030 - CMSIS Pack Vendor :STMicroelectronics X-CUBE-AZRTOS-L4 2.0.0
2023-07-14 17:47:27,267 [INFO] ThirdParty:1030 - CMSIS Pack Vendor :STMicroelectronics ThreadX 0.0.2
2023-07-14 17:47:27,267 [INFO] ThirdParty:1030 - CMSIS Pack Vendor :WES I-CUBE-Cesium 1.3.0
2023-07-14 17:47:27,267 [INFO] ThirdParty:1030 - CMSIS Pack Vendor :STMicroelectronics FP-ATR-ASTRA1 2.0.0
2023-07-14 17:47:27,267 [INFO] ThirdParty:1030 - CMSIS Pack Vendor :STMicroelectronics lwIP 2.1.2
2023-07-14 17:47:27,267 [INFO] ThirdParty:1030 - CMSIS Pack Vendor :STMicroelectronics X-CUBE-SFXS2LP1 4.0.0
2023-07-14 17:47:27,267 [INFO] ThirdParty:1030 - CMSIS Pack Vendor :STMicroelectronics X-CUBE-BLE2 3.3.0
2023-07-14 17:47:27,267 [INFO] ThirdParty:1030 - CMSIS Pack Vendor :STMicroelectronics PDM2PCM 3.2.0
2023-07-14 17:47:27,267 [INFO] ThirdParty:841 - exiting critical section [change project]
2023-07-14 17:47:27,408 [INFO] PinOutPanel:1499 - setPackage(No Configuration,No Configuration)
2023-07-14 17:47:27,408 [INFO] PinOutPanel:1499 - setPackage(STM32F411CEUx,UFQFPN48)
2023-07-14 17:47:27,628 [INFO] UtilMem:75 - Before build in PCC Used Memory: 580788896 Bytes (1008730112)
2023-07-14 17:47:27,958 [INFO] UtilMem:75 - After build in PCC Used Memory: 623258272 Bytes (1008730112)
2023-07-14 17:47:27,974 [INFO] IPUIPlugin:80 - create IPUIPlugin
2023-07-14 17:47:27,974 [INFO] IPUIPlugin:80 - create IPUIPlugin
2023-07-14 17:47:27,974 [INFO] IPUIPlugin:80 - create IPUIPlugin
2023-07-14 17:47:27,974 [INFO] IPUIPlugin:80 - create IPUIPlugin
2023-07-14 17:47:27,974 [INFO] IPUIPlugin:80 - create IPUIPlugin
2023-07-14 17:47:27,974 [INFO] IPUIPlugin:80 - create IPUIPlugin
2023-07-14 17:47:27,974 [INFO] IPUIPlugin:80 - create IPUIPlugin
2023-07-14 17:47:27,974 [INFO] IPUIPlugin:80 - create IPUIPlugin
2023-07-14 17:47:27,974 [INFO] IPUIPlugin:80 - create IPUIPlugin
2023-07-14 17:47:27,974 [INFO] IPUIPlugin:80 - create IPUIPlugin
2023-07-14 17:47:27,974 [INFO] IPUIPlugin:80 - create IPUIPlugin
2023-07-14 17:47:27,974 [INFO] IPUIPlugin:80 - create IPUIPlugin
2023-07-14 17:47:27,974 [INFO] IPUIPlugin:80 - create IPUIPlugin
2023-07-14 17:47:27,974 [INFO] IPUIPlugin:80 - create IPUIPlugin
2023-07-14 17:47:27,974 [INFO] IPUIPlugin:80 - create IPUIPlugin
2023-07-14 17:47:27,974 [INFO] IPUIPlugin:80 - create IPUIPlugin
2023-07-14 17:47:27,974 [INFO] IPUIPlugin:80 - create IPUIPlugin
2023-07-14 17:47:27,974 [INFO] IPUIPlugin:80 - create IPUIPlugin
2023-07-14 17:47:27,974 [INFO] IPUIPlugin:80 - create IPUIPlugin
2023-07-14 17:47:27,974 [INFO] IPUIPlugin:80 - create IPUIPlugin
2023-07-14 17:47:27,974 [INFO] IPUIPlugin:80 - create IPUIPlugin
2023-07-14 17:47:27,974 [INFO] IPUIPlugin:80 - create IPUIPlugin
2023-07-14 17:47:27,974 [INFO] IPUIPlugin:80 - create IPUIPlugin
2023-07-14 17:47:27,974 [INFO] IPUIPlugin:80 - create IPUIPlugin
2023-07-14 17:47:27,974 [INFO] IPUIPlugin:80 - create IPUIPlugin
2023-07-14 17:47:27,990 [INFO] IPUIPlugin:80 - create IPUIPlugin
2023-07-14 17:47:27,990 [INFO] IPUIPlugin:80 - create IPUIPlugin
2023-07-14 17:47:27,990 [INFO] IPUIPlugin:80 - create IPUIPlugin
2023-07-14 17:47:27,990 [INFO] IPUIPlugin:80 - create IPUIPlugin
2023-07-14 17:47:27,990 [INFO] IPUIPlugin:80 - create IPUIPlugin
2023-07-14 17:47:27,990 [INFO] IPUIPlugin:80 - create IPUIPlugin
2023-07-14 17:47:27,990 [INFO] IPUIPlugin:80 - create IPUIPlugin
2023-07-14 17:47:27,990 [INFO] IPUIPlugin:80 - create IPUIPlugin
2023-07-14 17:47:27,990 [INFO] IPUIPlugin:80 - create IPUIPlugin
2023-07-14 17:47:27,990 [INFO] IPUIPlugin:80 - create IPUIPlugin
2023-07-14 17:47:27,990 [INFO] IPUIPlugin:80 - create IPUIPlugin
2023-07-14 17:47:27,990 [INFO] IPUIPlugin:80 - create IPUIPlugin
2023-07-14 17:47:27,990 [INFO] IPUIPlugin:80 - create IPUIPlugin
2023-07-14 17:47:27,990 [INFO] IPUIPlugin:80 - create IPUIPlugin
2023-07-14 17:47:27,990 [INFO] IPUIPlugin:80 - create IPUIPlugin
2023-07-14 17:47:27,990 [INFO] IPUIPlugin:80 - create IPUIPlugin
2023-07-14 17:47:27,990 [INFO] IPUIPlugin:80 - create IPUIPlugin
2023-07-14 17:47:27,990 [INFO] IPUIPlugin:80 - create IPUIPlugin
2023-07-14 17:47:27,990 [INFO] ApiDbMcu:507 - Load IP Config File for PDM2PCM
2023-07-14 17:47:27,990 [WARN] IP:2113 - I2C_Coeff_DF not found: check if there is a RefParameter without a condition.
2023-07-14 17:47:27,990 [WARN] IP:2113 - Analog_Filter not found: check if there is a RefParameter without a condition.
2023-07-14 17:47:28,068 [INFO] CADModel:165 - CPN selected for project levelSTM32F411CEU6
2023-07-14 17:47:28,068 [INFO] CADModel:114 - Register for checkConnection events
2023-07-14 17:47:28,131 [INFO] OpenFileManager:328 - Restore cursor
2023-07-14 17:47:28,178 [WARN] IP:2113 - I2C_Coeff_DF not found: check if there is a RefParameter without a condition.
2023-07-14 17:47:28,178 [WARN] IP:2113 - Analog_Filter not found: check if there is a RefParameter without a condition.
2023-07-14 17:47:28,178 [WARN] IP:2113 - I2C_Coeff_DF not found: check if there is a RefParameter without a condition.
2023-07-14 17:47:28,178 [WARN] IP:2113 - Analog_Filter not found: check if there is a RefParameter without a condition.
2023-07-14 17:49:02,749 [INFO] NvicIntPanel:101 - NVIC parent = com.st.microxplorer.plugins.ip.nvic.MultiNvicIntPanel[,0,0,0x0,invalid,layout=javax.swing.BoxLayout,alignmentX=0.0,alignmentY=0.0,border=,flags=9,maximumSize=,minimumSize=,preferredSize=]
2023-07-14 17:49:04,963 [INFO] NvicIntPanel:101 - NVIC parent = com.st.microxplorer.plugins.ip.nvic.MultiNvicIntPanel[,0,0,0x0,invalid,layout=javax.swing.BoxLayout,alignmentX=0.0,alignmentY=0.0,border=,flags=9,maximumSize=,minimumSize=,preferredSize=]
2023-07-14 17:50:42,609 [INFO] NvicIntPanel:101 - NVIC parent = com.st.microxplorer.plugins.ip.nvic.MultiNvicIntPanel[,0,0,0x0,invalid,layout=javax.swing.BoxLayout,alignmentX=0.0,alignmentY=0.0,border=,flags=9,maximumSize=,minimumSize=,preferredSize=]
